MPASM 5.77             MEDIDORPIC16F628A.ASM   12-2-2021  12:37:47         PAGE  1


LOC  OBJECT CODE     LINE SOURCE TEXT
  VALUE

                      00001 ;* * * * * * * * * * * * * * * * * * * * * * * * * * * * * * * * * *
                      00002 ;*              MODIFICAÇÕES PARA USO COM 12F675                   *
                      00003 ;*                FEITAS PELO PROF. MARDSON                        *
                      00004 ;*                      MARÇO DE 2021                              *
                      00005 ;*                 BASEADO NO EXEMPLO DO LIVRO                     *
                      00006 ;*           Desbravando o PIC. David José de Souza                *
                      00007 ;*-----------------------------------------------------------------*
                      00008 ;*   MODELO PARA O PIC 12F675                                      *
                      00009 ;* * * * * * * * * * * * * * * * * * * * * * * * * * * * * * * * * *
                      00010 
                      00011 ;* * * * * * * * * * * * * * * * * * * * * * * * * * * * * * * * * *
                      00012 ;*                     ARQUIVOS DE DEFINIÇÕES                      *
                      00013 ;* * * * * * * * * * * * * * * * * * * * * * * * * * * * * * * * * *
                      00014 #include "p16f628a.inc"
                      00001         LIST
                      00002 
                      00003 ;==========================================================================
                      00004 ; Build date : Nov 22 2017
                      00005 ;  MPASM PIC16F628A processor include
                      00006 ; 
                      00007 ;  (c) Copyright 1999-2017 Microchip Technology, All rights reserved
                      00008 ;==========================================================================
                      00009 
                      00386         LIST
                      00015 
                      00016 ; CONFIG
                      00017 ; __config 0xFFFF
2007   3FFB           00018  __CONFIG _FOSC_EXTRCCLK & _WDTE_OFF & _PWRTE_OFF & _MCLRE_ON & _BOREN_ON & _LVP_ON & _CPD_OFF & _CP_OFF
                      00019 
                      00020 ;* * * * * * * * * * * * * * * * * * * * * * * * * * * * * * * * * *
                      00021 ;*                    PAGINAÇÃO DE MEMÓRIA                         *
                      00022 ;* * * * * * * * * * * * * * * * * * * * * * * * * * * * * * * * * *
                      00023 ;DEFINIÇÃO DE COMANDOS DE USUÁRIO PARA ALTERAÇÃO DA PÁGINA DE MEMÓRIA
                      00024 #DEFINE BANK0   BCF STATUS,RP0  ;SETA BANK 0 DE MEMÓRIA
                      00025 #DEFINE BANK1   BSF STATUS,RP0  ;SETA BANK 1 DE MAMÓRIA
                      00026 
                      00027 ;* * * * * * * * * * * * * * * * * * * * * * * * * * * * * * * * * *
                      00028 ;*                         VARIÁVEIS                               *
                      00029 ;* * * * * * * * * * * * * * * * * * * * * * * * * * * * * * * * * *
                      00030 ; DEFINIÇÃO DOS NOMES E ENDEREÇOS DE TODAS AS VARIÁVEIS UTILIZADAS 
                      00031 ; PELO SISTEMA
                      00032 
                      00033         CBLOCK  0x20    ;ENDEREÇO INICIAL DA MEMÓRIA DE
                      00034                                         ;USUÁRIO
  00000020            00035                 W_TEMP          ;REGISTRADORES TEMPORÁRIOS PARA USO
  00000021            00036                 STATUS_TEMP     ;JUNTO ÀS INTERRUPÇÕES
                      00037 
                      00038                 ;COLOQUE AQUI SUAS NOVAS VARIÁVEIS
                      00039                 ;NÃO ESQUEÇA COMENTÁRIOS ESCLARECEDORES
                      00040 
                      00041         ENDC                    ;FIM DO BLOCO DE DEFINIÇÃO DE VARIÁVEIS
                      00042 
                      00043 ;* * * * * * * * * * * * * * * * * * * * * * * * * * * * * * * * * *
MPASM 5.77             MEDIDORPIC16F628A.ASM   12-2-2021  12:37:47         PAGE  2


LOC  OBJECT CODE     LINE SOURCE TEXT
  VALUE

                      00044 ;*                        FLAGS INTERNOS                           *
                      00045 ;* * * * * * * * * * * * * * * * * * * * * * * * * * * * * * * * * *
                      00046 ; DEFINIÇÃO DE TODOS OS FLAGS UTILIZADOS PELO SISTEMA
                      00047 
                      00048 ;* * * * * * * * * * * * * * * * * * * * * * * * * * * * * * * * * *
                      00049 ;*                         CONSTANTES                              *
                      00050 ;* * * * * * * * * * * * * * * * * * * * * * * * * * * * * * * * * *
                      00051 ; DEFINIÇÃO DE TODAS AS CONSTANTES UTILIZADAS PELO SISTEMA
                      00052 
                      00053 ;* * * * * * * * * * * * * * * * * * * * * * * * * * * * * * * * * *
                      00054 ;*                           ENTRADAS                              *
                      00055 ;* * * * * * * * * * * * * * * * * * * * * * * * * * * * * * * * * *
                      00056 ; DEFINIÇÃO DE TODOS OS PINOS QUE SERÃO UTILIZADOS COMO ENTRADA
                      00057 ; RECOMENDAMOS TAMBÉM COMENTAR O SIGNIFICADO DE SEUS ESTADOS (0 E 1)
                      00058 
                      00059 ;* * * * * * * * * * * * * * * * * * * * * * * * * * * * * * * * * *
                      00060 ;*                           SAÍDAS                                *
                      00061 ;* * * * * * * * * * * * * * * * * * * * * * * * * * * * * * * * * *
                      00062 ; DEFINIÇÃO DE TODOS OS PINOS QUE SERÃO UTILIZADOS COMO SAÍDA
                      00063 ; RECOMENDAMOS TAMBÉM COMENTAR O SIGNIFICADO DE SEUS ESTADOS (0 E 1)
                      00064 
                      00065 ;* * * * * * * * * * * * * * * * * * * * * * * * * * * * * * * * * *
                      00066 ;*                       VETOR DE RESET                            *
                      00067 ;* * * * * * * * * * * * * * * * * * * * * * * * * * * * * * * * * *
                      00068 
                      00069         ORG     0x00                    ;ENDEREÇO INICIAL DE PROCESSAMENTO
0000   2???           00070         GOTO    INICIO
                      00071         
                      00072 ;* * * * * * * * * * * * * * * * * * * * * * * * * * * * * * * * * *
                      00073 ;*                    INÍCIO DA INTERRUPÇÃO                        *
                      00074 ;* * * * * * * * * * * * * * * * * * * * * * * * * * * * * * * * * *
                      00075 ; ENDEREÇO DE DESVIO DAS INTERRUPÇÕES. A PRIMEIRA TAREFA É SALVAR OS
                      00076 ; VALORES DE "W" E "STATUS" PARA RECUPERAÇÃO FUTURA
                      00077 
                      00078         ORG     0x04                    ;ENDEREÇO INICIAL DA INTERRUPÇÃO
0004   00A0           00079         MOVWF   W_TEMP          ;COPIA W PARA W_TEMP
0005   0E03           00080         SWAPF   STATUS,W
0006   00A1           00081         MOVWF   STATUS_TEMP     ;COPIA STATUS PARA STATUS_TEMP
                      00082 
                      00083 ;* * * * * * * * * * * * * * * * * * * * * * * * * * * * * * * * * *
                      00084 ;*                    ROTINA DE INTERRUPÇÃO                        *
                      00085 ;* * * * * * * * * * * * * * * * * * * * * * * * * * * * * * * * * *
                      00086 ; AQUI SERÃO ESCRITAS AS ROTINAS DE RECONHECIMENTO E TRATAMENTO DAS
                      00087 ; INTERRUPÇÕES
                      00088 
                      00089 ;* * * * * * * * * * * * * * * * * * * * * * * * * * * * * * * * * *
                      00090 ;*                 ROTINA DE SAÍDA DA INTERRUPÇÃO                  *
                      00091 ;* * * * * * * * * * * * * * * * * * * * * * * * * * * * * * * * * *
                      00092 ; OS VALORES DE "W" E "STATUS" DEVEM SER RECUPERADOS ANTES DE 
                      00093 ; RETORNAR DA INTERRUPÇÃO
                      00094 
0007                  00095 SAI_INT
0007   0E21           00096         SWAPF   STATUS_TEMP,W
MPASM 5.77             MEDIDORPIC16F628A.ASM   12-2-2021  12:37:47         PAGE  3


LOC  OBJECT CODE     LINE SOURCE TEXT
  VALUE

0008   0083           00097         MOVWF   STATUS          ;MOVE STATUS_TEMP PARA STATUS
0009   0EA0           00098         SWAPF   W_TEMP,F
000A   0E20           00099         SWAPF   W_TEMP,W        ;MOVE W_TEMP PARA W
000B   0009           00100         RETFIE
                      00101 
                      00102 ;* * * * * * * * * * * * * * * * * * * * * * * * * * * * * * * * * *
                      00103 ;*                       ROTINAS E SUBROTINAS                      *
                      00104 ;* * * * * * * * * * * * * * * * * * * * * * * * * * * * * * * * * *
                      00105 ; CADA ROTINA OU SUBROTINA DEVE POSSUIR A DESCRIÇÃO DE FUNCIONAMENTO
                      00106 ; E UM NOME COERENTE ÀS SUAS FUNÇÕES.
                      00107 
000C                  00108 SUBROTINA1
                      00109 
                      00110         ;CORPO DA ROTINA
000C                  00111 INICIA
000C   30D0           00112         MOVLW .208
000D   1683           00113         BANK1                                ;Movendo pr2 de banco pois é necessário
Message[302]: Register in operand not in bank 0.  Ensure that bank bits are correct.
000E   0092           00114         MOVWF PR2
000F   1283           00115         BANK0                               ; voltando de banco
                      00116         ;VOLTAR PARA O BANK0
0010                  00117 CONTA
0010   1C8C           00118         BTFSS PIR1,  TMR2IF
0011   2???           00119         GOTO CONTA
                      00120         ;CLRF PORTB                 
0012   108C           00121         BCF PIR1, TMR2IF
0013   0008           00122         RETURN
                      00123 
                      00124 ;* * * * * * * * * * * * * * * * * * * * * * * * * * * * * * * * * *
                      00125 ;*                     INICIO DO PROGRAMA                          *
                      00126 ;* * * * * * * * * * * * * * * * * * * * * * * * * * * * * * * * * *
                      00127         
0014                  00128 INICIO
0014   1683           00129         BANK1                           ;ALTERA PARA O BANCO 1
0015   3002           00130         MOVLW   B'00000010'
Message[302]: Register in operand not in bank 0.  Ensure that bank bits are correct.
0016   0085           00131         MOVWF   TRISA          ;CONFIGURA O PINO 0 PARA O PRIMEIRO CASO QUE PINO 0 É ENTRADA
0017   3084           00132         MOVLW   B'10000100'
Message[302]: Register in operand not in bank 0.  Ensure that bank bits are correct.
0018   0081           00133         MOVWF   OPTION_REG      ;DEFINE OPÇÕES DE OPERAÇÃO
0019   3000           00134         MOVLW   B'00000000'
001A   008B           00135         MOVWF   INTCON          ;DEFINE OPÇÕES DE INTERRUPÇÕES
001B   3000           00136         MOVLW   B'00000000'
Message[302]: Register in operand not in bank 0.  Ensure that bank bits are correct.
001C   0086           00137         MOVWF   TRISB          ;CONFIGURA O PINO 0 PARA O PRIMEIRO CASO QUE PINO 0 É ENTRADA
001D   30E2           00138         MOVLW   B'11100010'     ; CONFIGURANDO PARA LOW RANGE E O VALOR 2 ENCONTRADO NO CÁLCULO REFERENT
                            E A 0,35V e ligando ele
Message[302]: Register in operand not in bank 0.  Ensure that bank bits are correct.
001E   009F           00139         MOVWF   VRCON           ;DEFINE A TENSÃO DE REFERENCIA
001F   1283           00140         BANK0                           ;RETORNA PARA O BANCO
0020   3025           00141         MOVLW   B'00100101'
0021   009F           00142         MOVWF   CMCON           ;DEFINE O MODO DE OPERAÇÃO DO COMPARADOR ANALÓGICO
0022   3076           00143         MOVLW   B'01110110'     ; DEFINI O PRESCALE COMO PARA 1:16 E O POSCALE 1:15 E ATIVEI O TIMER 2
MPASM 5.77             MEDIDORPIC16F628A.ASM   12-2-2021  12:37:47         PAGE  4


LOC  OBJECT CODE     LINE SOURCE TEXT
  VALUE

0023   0092           00144         MOVWF   T2CON
                      00145 
                      00146 
                      00147 ;* * * * * * * * * * * * * * * * * * * * * * * * * * * * * * * * * *
                      00148 ;*                     INICIALIZAÇÃO DAS VARIÁVEIS                 *
                      00149 ;* * * * * * * * * * * * * * * * * * * * * * * * * * * * * * * * * *
                      00150 
                      00151 ;* * * * * * * * * * * * * * * * * * * * * * * * * * * * * * * * * *
                      00152 ;*                     ROTINA PRINCIPAL                            *
                      00153 ;* * * * * * * * * * * * * * * * * * * * * * * * * * * * * * * * * *
0024                  00154 MAIN
                      00155 
                      00156         ;CORPO DA ROTINA PRINCIPAL
                      00157         ;USEI COMPARADOR 2
                      00158         ;TABELA PARA AUXILIAR NA VERIFICAÇÃO DO DISPLAY PELO PORTB
                      00159         ;DISPLAY DE 7 SEGMENTOS
                      00160         
                      00161         ;               A                                                               *     PORTB     
                             *
                      00162         ;             -----                         A  = RB0         0 = |0||0|1|1|1|1|1|1|             
                                5 = |0||1|1|0|1|1|0|1|
                      00163         ;           F|     |B                       B  = RB1         1 = |0||0|0|0|0|1|1|0|             
                                6 = |0||1|1|1|1|1|0|1|
                      00164         ;            |  G  |                        C  = RB2         2 = |0||1|0|1|1|0|1|1|             
                                7 = |0||0|0|0|0|1|1|1|
                      00165         ;             -----                         D  = RB3         3 = |0||1|0|0|1|1|1|1|             
                                8 = |0||1|1|1|1|1|1|1|
                      00166         ;           E|     |C                       E  = RB4         4 = |0||1|1|0|0|1|1|0|             
                                9 = |0||1|1|0|1|1|1|1|
                      00167         ;            |     |                        F  = RB5          
                      00168         ;             -----                         G  = RB6         
                      00169         ;               D
                      00170         ;
                      00171         ;
                      00172         ;
                      00173         ;
0024                  00174 C1                              ;CASO DE TESTE SE A TENSÃO É MENOR QUE 0,35 VOLTS
0024   1683           00175         BANK1                   ; CHAVEANDO OS BANCOS PARA CONFIGURA VRCON, POIS A TENSÃO REFERENCIA IRÁ
                             MUDAR CONSTANTEMENTE
0025   30E2           00176         MOVLW   B'11100010'     ; CONFIGURANDO PARA LOW RANGE E O VALOR 2 ENCONTRADO NO CÁLCULO REFERENT
                            E A 0,35V e ligando ele
Message[302]: Register in operand not in bank 0.  Ensure that bank bits are correct.
0026   009F           00177         MOVWF   VRCON           ;DEFINE A TENSÃO DE REFERENCIA
0027   1283           00178         BANK0
0028   1F9F           00179         BTFSS CMCON, 7            ; se for menor que a tensão bit 7 = 0, se não bit 7 = 1, pois estou us
                            ando o comparador 2
0029   2???           00180         GOTO DISPLAY0
002A   2???           00181         GOTO C2
002B                  00182 DISPLAY0                        ; Acende segmentos para representar o 0 no display
002B   0186           00183         CLRF PORTB
002C   1406           00184         BSF  PORTB, 0
002D   1486           00185         BSF  PORTB, 1
002E   1506           00186         BSF  PORTB, 2
MPASM 5.77             MEDIDORPIC16F628A.ASM   12-2-2021  12:37:47         PAGE  5


LOC  OBJECT CODE     LINE SOURCE TEXT
  VALUE

002F   1586           00187         BSF  PORTB, 3
0030   1606           00188         BSF  PORTB, 4
0031   1686           00189         BSF  PORTB, 5
0032   2???           00190         CALL INICIA
0033   2???           00191         GOTO C1                 ;LOOP DE CONTROLE DE INTERVALOS 
0034                  00192 C2                              ; Caso em que  seja 0,35 <= x < 0,7, se veio para cá então sabemos que é
                             maior ou igual que 0,35 
0034   1683           00193         BANK1                   ; CHAVEANDO OS BANCOS PARA FAZER A MUDANÇA DO INTERVALO COMPARADO
0035   30E3           00194         MOVLW   B'11100011'     ; CONFIGURANDO PARA LOW RANGE E O VALOR 3 ENCONTRADO NO CÁLCULO REFERENT
                            E A 0,7V e ligando ele
Message[302]: Register in operand not in bank 0.  Ensure that bank bits are correct.
0036   009F           00195         MOVWF   VRCON           ;DEFINE A TENSÃO DE REFERENCIA
0037   1283           00196         BANK0                           ;RETORNA PARA O BANCO
0038   1F9F           00197         BTFSS CMCON, 7            ; se for menor que a tensão bit 7 = 0, se não bit 7 = 1, pois estou us
                            ando o comparador 2
0039   2???           00198         GOTO DISPLAY1
003A   2???           00199         GOTO C3
003B                  00200 DISPLAY1                        ; Acende segmentos para representar o 1 no display
003B   0186           00201         CLRF PORTB
003C   1486           00202         BSF  PORTB, 1
003D   1506           00203         BSF  PORTB, 2
003E   2???           00204         CALL INICIA
003F   2???           00205         GOTO C1                 ;LOOP DE CONTROLE DE INTERVALOS
0040                  00206 C3                              ; Caso em que  seja 0,7 <= x < 1,05, se veio para cá então sabemos que é
                             maior ou igual que 0,7 
                      00207         
0040   1683           00208         BANK1                   ; CHAVEANDO OS BANCOS PARA FAZER A MUDANÇA DO INTERVALO COMPARADO
0041   30E5           00209         MOVLW   B'11100101'     ; CONFIGURANDO PARA LOW RANGE E O VALOR 5 ENCONTRADO NO CÁLCULO REFERENT
                            E A 1,05 e ligando ele
Message[302]: Register in operand not in bank 0.  Ensure that bank bits are correct.
0042   009F           00210         MOVWF   VRCON           ;DEFINE A TENSÃO DE REFERENCIA
0043   1283           00211         BANK0                   ;RETORNA PARA O BANCO
0044   1F9F           00212         BTFSS CMCON, 7          ; se for menor que a tensão bit 7 = 0, se não bit 7 = 1, pois estou usan
                            do o comparador 2
0045   2???           00213         GOTO DISPLAY2
0046   2???           00214         GOTO C4
0047                  00215 DISPLAY2                        ; Acende segmentos para representar o 2 no display
0047   0186           00216         CLRF PORTB
0048   1406           00217         BSF  PORTB, 0
0049   1486           00218         BSF  PORTB, 1
004A   1586           00219         BSF  PORTB, 3
004B   1606           00220         BSF  PORTB, 4
004C   1706           00221         BSF  PORTB, 6
004D   2???           00222         CALL INICIA
004E   2???           00223         GOTO C1                 ;LOOP DE CONTROLE DE INTERVALOS
004F                  00224 C4                              ; Caso em que  seja 1,05 <= x < 1,4, se veio para cá então sabemos que é
                             maior ou igual que 1,05 
                      00225         
004F   1683           00226         BANK1                   ; CHAVEANDO OS BANCOS PARA FAZER A MUDANÇA DO INTERVALO COMPARADO
0050   30C1           00227         MOVLW   B'11000001'     ; CONFIGURANDO PARA HIGH RANGE E O VALOR 1 ENCONTRADO NO CÁLCULO REFEREN
                            TE A 1,4 e ligando ele
Message[302]: Register in operand not in bank 0.  Ensure that bank bits are correct.
0051   009F           00228         MOVWF   VRCON           ;DEFINE A TENSÃO DE REFERENCIA
MPASM 5.77             MEDIDORPIC16F628A.ASM   12-2-2021  12:37:47         PAGE  6


LOC  OBJECT CODE     LINE SOURCE TEXT
  VALUE

0052   1283           00229         BANK0                   ;RETORNA PARA O BANCO
0053   1F9F           00230         BTFSS CMCON, 7          ; se for menor que a tensão bit 7 = 0, se não bit 7 = 1, pois estou usan
                            do o comparador 2
0054   2???           00231         GOTO DISPLAY3
0055   2???           00232         GOTO C5
0056                  00233 DISPLAY3                       ; Acende segmentos para representar o 3 no display
0056   0186           00234         CLRF PORTB
0057   1406           00235         BSF  PORTB, 0
0058   1486           00236         BSF  PORTB, 1
0059   1506           00237         BSF  PORTB, 2
005A   1586           00238         BSF  PORTB, 3
005B   1706           00239         BSF  PORTB, 6
005C   2???           00240         CALL INICIA
005D   2???           00241         GOTO C1                 ;LOOP DE CONTROLE DE INTERVALOS
005E                  00242 C5                              ; Caso em que  seja 1,4 <= x < 1,75, se veio para cá então sabemos que é
                             maior ou igual que 1,4 
                      00243         
005E   1683           00244         BANK1                   ; CHAVEANDO OS BANCOS PARA FAZER A MUDANÇA DO INTERVALO COMPARADO
005F   30C3           00245         MOVLW   B'11000011'     ; CONFIGURANDO PARA HIGH RANGE E O VALOR 3 ENCONTRADO NO CÁLCULO REFEREN
                            TE A 1,75 e ligando ele
Message[302]: Register in operand not in bank 0.  Ensure that bank bits are correct.
0060   009F           00246         MOVWF   VRCON           ;DEFINE A TENSÃO DE REFERENCIA
0061   1283           00247         BANK0                   ;RETORNA PARA O BANCO
0062   1F9F           00248         BTFSS CMCON, 7          ; se for menor que a tensão bit 7 = 0, se não bit 7 = 1, pois estou usan
                            do o comparador 2
0063   2???           00249         GOTO DISPLAY4
0064   2???           00250         GOTO C6
0065                  00251 DISPLAY4                        ; Acende segmentos para representar o 4 no display
0065   0186           00252         CLRF PORTB
0066   1486           00253         BSF  PORTB, 1
0067   1506           00254         BSF  PORTB, 2
0068   1686           00255         BSF  PORTB, 5
0069   1706           00256         BSF  PORTB, 6
006A   2???           00257         CALL INICIA
006B   2???           00258         GOTO C1                 ;LOOP DE CONTROLE DE INTERVALOS
                      00259 
006C                  00260 C6                              ; Caso em que  seja 1,75 <= x < 2,1, se veio para cá então sabemos que é
                             maior ou igual que 1,75
                      00261         
006C   1683           00262         BANK1                   ; CHAVEANDO OS BANCOS PARA FAZER A MUDANÇA DO INTERVALO COMPARADO
006D   30C5           00263         MOVLW   B'11000101'     ; CONFIGURANDO PARA LOW RANGE E O VALOR 10 ENCONTRADO NO CÁLCULO REFEREN
                            TE A 2,1 e ligando ele
Message[302]: Register in operand not in bank 0.  Ensure that bank bits are correct.
006E   009F           00264         MOVWF   VRCON           ;DEFINE A TENSÃO DE REFERENCIA
006F   1283           00265         BANK0                   ;RETORNA PARA O BANCO
0070   1F9F           00266         BTFSS CMCON, 7          ; se for menor que a tensão bit 7 = 0, se não bit 7 = 1, pois estou usan
                            do o comparador 2
0071   2???           00267         GOTO DISPLAY5
0072   2???           00268         GOTO C7
0073                  00269 DISPLAY5                        ; Acende segmentos para representar o 5 no display
0073   0186           00270         CLRF PORTB
0074   1406           00271         BSF  PORTB, 0
0075   1506           00272         BSF  PORTB, 2
MPASM 5.77             MEDIDORPIC16F628A.ASM   12-2-2021  12:37:47         PAGE  7


LOC  OBJECT CODE     LINE SOURCE TEXT
  VALUE

0076   1586           00273         BSF  PORTB, 3
0077   1686           00274         BSF  PORTB, 5
0078   1706           00275         BSF  PORTB, 6
0079   2???           00276         CALL INICIA
007A   2???           00277         GOTO C1                 ;LOOP DE CONTROLE DE INTERVALOS
007B                  00278 C7                               ; Caso em que  seja 2,1 <= x < 2,45, se veio para cá então sabemos que 
                            é maior ou igual que 2,1
                      00279                              
007B   1683           00280         BANK1                   ; CHAVEANDO OS BANCOS PARA FAZER A MUDANÇA DO INTERVALO COMPARADO
007C   30C8           00281         MOVLW   B'11001000'     ; CONFIGURANDO PARA HIGH RANGE E O VALOR 8 ENCONTRADO NO CÁLCULO REFEREN
                            TE A 2,1 e ligando ele
Message[302]: Register in operand not in bank 0.  Ensure that bank bits are correct.
007D   009F           00282         MOVWF   VRCON           ;DEFINE A TENSÃO DE REFERENCIA
007E   1283           00283         BANK0                   ;RETORNA PARA O BANCO
007F   1F9F           00284         BTFSS CMCON, 7          ; se for menor que a tensão bit 7 = 0, se não bit 7 = 1, pois estou usan
                            do o comparador 2
0080   2???           00285         GOTO DISPLAY6
0081   2???           00286         GOTO C8
0082                  00287 DISPLAY6                        ;Acende segmentos para representar o 6 no display
0082   0186           00288         CLRF PORTB
0083   1406           00289         BSF  PORTB, 0
0084   1506           00290         BSF  PORTB, 2
0085   1586           00291         BSF  PORTB, 3
0086   1606           00292         BSF  PORTB, 4
0087   1686           00293         BSF  PORTB, 5
0088   1706           00294         BSF  PORTB, 6
0089   2???           00295         CALL INICIA
008A   2???           00296         GOTO C1                 ;LOOP DE CONTROLE DE INTERVALOS
008B                  00297 C8                               ; Caso em que  seja 2,45 <= x < 2,85, se veio para cá então sabemos que
                             é maior ou igual que 2,45
                      00298                              
008B   1683           00299         BANK1                   ; CHAVEANDO OS BANCOS PARA FAZER A MUDANÇA DO INTERVALO COMPARADO
008C   30CA           00300         MOVLW   B'11001010'     ; CONFIGURANDO PARA HIGH RANGE E O VALOR 10 ENCONTRADO NO CÁLCULO REFERE
                            NTE A 2,85 e ligando ele
Message[302]: Register in operand not in bank 0.  Ensure that bank bits are correct.
008D   009F           00301         MOVWF   VRCON           ;DEFINE A TENSÃO DE REFERENCIA
008E   1283           00302         BANK0                   ;RETORNA PARA O BANCO
008F   1F9F           00303         BTFSS CMCON, 7          ; se for menor que a tensão bit 7 = 0, se não bit 7 = 1, pois estou usan
                            do o comparador 2
0090   2???           00304         GOTO DISPLAY7
0091   2???           00305         GOTO C9
0092                  00306 DISPLAY7                        ;Acende segmentos para representar o 7 no display
0092   0186           00307         CLRF PORTB
0093   1406           00308         BSF PORTB, 0
0094   1486           00309         BSF PORTB, 1
0095   1506           00310         BSF PORTB, 2            ;MOSTRANDO O VALOR 7 EM BINÁRIO NO DISPLAY
0096   2???           00311         CALL INICIA
0097   2???           00312         GOTO C1                 ;LOOP DE CONTROLE DE INTERVALOS
0098                  00313 C9                               ; Caso em que  seja 2,85 <= x < 3,2, se veio para cá então sabemos que 
                            é maior ou igual que 2,45
                      00314                              
0098   1683           00315         BANK1                   ; CHAVEANDO OS BANCOS PARA FAZER A MUDANÇA DO INTERVALO COMPARADO
0099   30CC           00316         MOVLW   B'11001100'     ; CONFIGURANDO PARA HIGH RANGE E O VALOR 12 ENCONTRADO NO CÁLCULO REFERE
MPASM 5.77             MEDIDORPIC16F628A.ASM   12-2-2021  12:37:47         PAGE  8


LOC  OBJECT CODE     LINE SOURCE TEXT
  VALUE

                            NTE A 3,2 e ligando ele
Message[302]: Register in operand not in bank 0.  Ensure that bank bits are correct.
009A   009F           00317         MOVWF   VRCON           ;DEFINE A TENSÃO DE REFERENCIA
009B   1283           00318         BANK0                   ;RETORNA PARA O BANCO
009C   1F9F           00319         BTFSS CMCON, 7          ; se for menor que a tensão bit 7 = 0, se não bit 7 = 1, pois estou usan
                            do o comparador 2
009D   2???           00320         GOTO DISPLAY8
009E   2???           00321         GOTO DISPLAY9
009F                  00322 DISPLAY8                        ;Acende segmentos para representar o 8 no display
009F   0186           00323         CLRF PORTB
00A0   1406           00324         BSF  PORTB, 0
00A1   1486           00325         BSF  PORTB, 1
00A2   1506           00326         BSF  PORTB, 2
00A3   1586           00327         BSF  PORTB, 3
00A4   1606           00328         BSF  PORTB, 4
00A5   1686           00329         BSF  PORTB, 5
00A6   1706           00330         BSF  PORTB, 6
00A7   2???           00331         CALL INICIA
00A8   2???           00332         GOTO C1                 ;LOOP DE CONTROLE DE INTERVALOS
00A9                  00333 DISPLAY9                        ;SE FOR MAIOR QUE TODOS OS INTERVALOS OU IGUAL A 3,2 O 9 DEVE SER MOSTRA
                            DO NO DISPLAY
00A9   0186           00334         CLRF PORTB
00AA   1406           00335         BSF  PORTB, 0
00AB   1486           00336         BSF  PORTB, 1
00AC   1506           00337         BSF  PORTB, 2
00AD   1586           00338         BSF  PORTB, 3
00AE   1686           00339         BSF  PORTB, 5
00AF   1706           00340         BSF  PORTB, 6
00B0   2???           00341         CALL INICIA
00B1   2???           00342         GOTO C1                 ;LOOP DE CONTROLE DE INTERVALOS
                      00343         
                      00344         
                      00345 ;* * * * * * * * * * * * * * * * * * * * * * * * * * * * * * * * * *
                      00346 ;*                       FIM DO PROGRAMA                           *
                      00347 ;* * * * * * * * * * * * * * * * * * * * * * * * * * * * * * * * * *
                      00348 
3FFB                  00349         END
MPASM 5.77             MEDIDORPIC16F628A.ASM   12-2-2021  12:37:47         PAGE  9


SYMBOL TABLE
  LABEL                             VALUE 

ADDEN                             00000003
ADEN                              00000003
BANK0                             BCF STATUS,RP0
BANK1                             BSF STATUS,RP0
BRGH                              00000002
C                                 00000000
C1                                00000024
C1INV                             00000004
C1OUT                             00000006
C2                                00000034
C2INV                             00000005
C2OUT                             00000007
C3                                00000040
C4                                0000004F
C5                                0000005E
C6                                0000006C
C7                                0000007B
C8                                0000008B
C9                                00000098
CCP1CON                           00000017
CCP1IE                            00000002
CCP1IF                            00000002
CCP1M0                            00000000
CCP1M1                            00000001
CCP1M2                            00000002
CCP1M3                            00000003
CCP1X                             00000005
CCP1Y                             00000004
CCPR1                             00000015
CCPR1H                            00000016
CCPR1L                            00000015
CIS                               00000003
CM0                               00000000
CM1                               00000001
CM2                               00000002
CMCON                             0000001F
CMIE                              00000006
CMIF                              00000006
CONTA                             00000010
CREN                              00000004
CSRC                              00000007
DATA_CP_OFF                       00003FFF
DATA_CP_ON                        00003EFF
DC                                00000001
DISPLAY0                          0000002B
DISPLAY1                          0000003B
DISPLAY2                          00000047
DISPLAY3                          00000056
DISPLAY4                          00000065
DISPLAY5                          00000073
DISPLAY6                          00000082
DISPLAY7                          00000092
DISPLAY8                          0000009F
MPASM 5.77             MEDIDORPIC16F628A.ASM   12-2-2021  12:37:47         PAGE 10


SYMBOL TABLE
  LABEL                             VALUE 

DISPLAY9                          000000A9
EEADR                             0000009B
EECON1                            0000009C
EECON2                            0000009D
EEDATA                            0000009A
EEIE                              00000007
EEIF                              00000007
F                                 00000001
FERR                              00000002
FSR                               00000004
GIE                               00000007
INDF                              00000000
INICIA                            0000000C
INICIO                            00000014
INTCON                            0000000B
INTE                              00000004
INTEDG                            00000006
INTF                              00000001
IRP                               00000007
MAIN                              00000024
NOT_BO                            00000000
NOT_BOD                           00000000
NOT_BOR                           00000000
NOT_PD                            00000003
NOT_POR                           00000001
NOT_RBPU                          00000007
NOT_T1SYNC                        00000002
NOT_TO                            00000004
OERR                              00000001
OPTION_REG                        00000081
OSCF                              00000003
PCL                               00000002
PCLATH                            0000000A
PCON                              0000008E
PEIE                              00000006
PIE1                              0000008C
PIR1                              0000000C
PORTA                             00000005
PORTB                             00000006
PR2                               00000092
PS0                               00000000
PS1                               00000001
PS2                               00000002
PSA                               00000003
RA0                               00000000
RA1                               00000001
RA2                               00000002
RA3                               00000003
RA4                               00000004
RA5                               00000005
RA6                               00000006
RA7                               00000007
RB0                               00000000
MPASM 5.77             MEDIDORPIC16F628A.ASM   12-2-2021  12:37:47         PAGE 11


SYMBOL TABLE
  LABEL                             VALUE 

RB1                               00000001
RB2                               00000002
RB3                               00000003
RB4                               00000004
RB5                               00000005
RB6                               00000006
RB7                               00000007
RBIE                              00000003
RBIF                              00000000
RCIE                              00000005
RCIF                              00000005
RCREG                             0000001A
RCSTA                             00000018
RD                                00000000
RP0                               00000005
RP1                               00000006
RX9                               00000006
RX9D                              00000000
SAI_INT                           00000007
SPBRG                             00000099
SPEN                              00000007
SREN                              00000005
STATUS                            00000003
STATUS_TEMP                       00000021
SUBROTINA1                        0000000C
SYNC                              00000004
T0CS                              00000005
T0IE                              00000005
T0IF                              00000002
T0SE                              00000004
T1CKPS0                           00000004
T1CKPS1                           00000005
T1CON                             00000010
T1OSCEN                           00000003
T2CKPS0                           00000000
T2CKPS1                           00000001
T2CON                             00000012
TMR0                              00000001
TMR0IE                            00000005
TMR0IF                            00000002
TMR1                              0000000E
TMR1CS                            00000001
TMR1H                             0000000F
TMR1IE                            00000000
TMR1IF                            00000000
TMR1L                             0000000E
TMR1ON                            00000000
TMR2                              00000011
TMR2IE                            00000001
TMR2IF                            00000001
TMR2ON                            00000002
TOUTPS0                           00000003
TOUTPS1                           00000004
MPASM 5.77             MEDIDORPIC16F628A.ASM   12-2-2021  12:37:47         PAGE 12


SYMBOL TABLE
  LABEL                             VALUE 

TOUTPS2                           00000005
TOUTPS3                           00000006
TRISA                             00000085
TRISA0                            00000000
TRISA1                            00000001
TRISA2                            00000002
TRISA3                            00000003
TRISA4                            00000004
TRISA5                            00000005
TRISA6                            00000006
TRISA7                            00000007
TRISB                             00000086
TRISB0                            00000000
TRISB1                            00000001
TRISB2                            00000002
TRISB3                            00000003
TRISB4                            00000004
TRISB5                            00000005
TRISB6                            00000006
TRISB7                            00000007
TRMT                              00000001
TX9                               00000006
TX9D                              00000000
TXEN                              00000005
TXIE                              00000004
TXIF                              00000004
TXREG                             00000019
TXSTA                             00000098
VR0                               00000000
VR1                               00000001
VR2                               00000002
VR3                               00000003
VRCON                             0000009F
VREN                              00000007
VROE                              00000006
VRR                               00000005
W                                 00000000
WR                                00000001
WREN                              00000002
WRERR                             00000003
W_TEMP                            00000020
Z                                 00000002
_BODEN_OFF                        00003FBF
_BODEN_ON                         00003FFF
_BOREN_OFF                        00003FBF
_BOREN_ON                         00003FFF
_CONFIG                           00002007
_CPD_OFF                          00003FFF
_CPD_ON                           00003EFF
_CP_OFF                           00003FFF
_CP_ON                            00001FFF
_DEVID1                           00002006
_ER_OSC_CLKOUT                    00003FFF
MPASM 5.77             MEDIDORPIC16F628A.ASM   12-2-2021  12:37:47         PAGE 13


SYMBOL TABLE
  LABEL                             VALUE 

_ER_OSC_NOCLKOUT                  00003FFE
_EXTCLK_OSC                       00003FEF
_FOSC_ECIO                        00003FEF
_FOSC_EXTRCCLK                    00003FFF
_FOSC_EXTRCIO                     00003FFE
_FOSC_HS                          00003FEE
_FOSC_INTOSCCLK                   00003FFD
_FOSC_INTOSCIO                    00003FFC
_FOSC_LP                          00003FEC
_FOSC_XT                          00003FED
_HS_OSC                           00003FEE
_IDLOC0                           00002000
_IDLOC1                           00002001
_IDLOC2                           00002002
_IDLOC3                           00002003
_INTOSC_OSC_CLKOUT                00003FFD
_INTOSC_OSC_NOCLKOUT              00003FFC
_INTRC_OSC_CLKOUT                 00003FFD
_INTRC_OSC_NOCLKOUT               00003FFC
_LP_OSC                           00003FEC
_LVP_OFF                          00003F7F
_LVP_ON                           00003FFF
_MCLRE_OFF                        00003FDF
_MCLRE_ON                         00003FFF
_PWRTE_OFF                        00003FFF
_PWRTE_ON                         00003FF7
_RC_OSC_CLKOUT                    00003FFF
_RC_OSC_NOCLKOUT                  00003FFE
_WDTE_OFF                         00003FFB
_WDTE_ON                          00003FFF
_WDT_OFF                          00003FFB
_WDT_ON                           00003FFF
_XT_OSC                           00003FED
__16F628A                         00000001
__DEBUG                           
__MPLAB_DEBUGGER_SIMULATOR        1

Errors   :     0
Warnings :     0 reported,     0 suppressed
Messages :    14 reported,     0 suppressed

