MPASM 5.77                  VAZIO_EEPROM.ASM   11-3-2021  17:06:26         PAGE  1


LOC  OBJECT CODE     LINE SOURCE TEXT
  VALUE

                      00001 ;* * * * * * * * * * * * * * * * * * * * * * * * * * * * * * * * * *
                      00002 ;*              MODIFICAÇÕES PARA USO COM 12F675                   *
                      00003 ;*                FEITAS PELO PROF. MARDSON                        *
                      00004 ;*                    MARÇO DE 2021                                *
                      00005 ;* * * * * * * * * * * * * * * * * * * * * * * * * * * * * * * * * *
                      00006 
                      00007 ;* * * * * * * * * * * * * * * * * * * * * * * * * * * * * * * * * *
                      00008 ;*                       NOME DO PROJETO                           *
                      00009 ;*                           CLIENTE                               *
                      00010 ;*         DESENVOLVIDO PELA MOSAICO ENGENHARIA E CONSULTORIA      *
                      00011 ;*   VERSÃO: 1.0                           DATA: 17/06/03          *
                      00012 ;* * * * * * * * * * * * * * * * * * * * * * * * * * * * * * * * * *
                      00013 ;*                     DESCRIÇÃO DO ARQUIVO                        *
                      00014 ;*-----------------------------------------------------------------*
                      00015 ;*   MODELO PARA O PIC 12F675                                      *
                      00016 ;*                                                                 *
                      00017 ;*                                                                 *
                      00018 ;* * * * * * * * * * * * * * * * * * * * * * * * * * * * * * * * * *
                      00019 
                      00020 ;* * * * * * * * * * * * * * * * * * * * * * * * * * * * * * * * * *
                      00021 ;*                     ARQUIVOS DE DEFINIÇÕES                      *
                      00022 ;* * * * * * * * * * * * * * * * * * * * * * * * * * * * * * * * * *
                      00023 #INCLUDE <p12f675.inc>  ;ARQUIVO PADRÃO MICROCHIP PARA 12F675
                      00001         LIST
                      00002 
                      00003 ;==========================================================================
                      00004 ; Build date : Nov 22 2017
                      00005 ;  MPASM PIC12F675 processor include
                      00006 ; 
                      00007 ;  (c) Copyright 1999-2017 Microchip Technology, All rights reserved
                      00008 ;==========================================================================
                      00009 
                      00367         LIST
                      00024 
2007   3FA4           00025         __CONFIG _BODEN_OFF & _CP_OFF & _PWRTE_ON & _WDT_OFF & _MCLRE_ON & _INTRC_OSC_NOCLKOUT
                      00026 
                      00027 ;* * * * * * * * * * * * * * * * * * * * * * * * * * * * * * * * * *
                      00028 ;*                    PAGINAÇÃO DE MEMÓRIA                         *
                      00029 ;* * * * * * * * * * * * * * * * * * * * * * * * * * * * * * * * * *
                      00030 ;DEFINIÇÃO DE COMANDOS DE USUÁRIO PARA ALTERAÇÃO DA PÁGINA DE MEMÓRIA
                      00031 #DEFINE BANK0   BCF STATUS,RP0  ;SETA BANK 0 DE MEMÓRIA
                      00032 #DEFINE BANK1   BSF STATUS,RP0  ;SETA BANK 1 DE MAMÓRIA
                      00033 
                      00034 ;* * * * * * * * * * * * * * * * * * * * * * * * * * * * * * * * * *
                      00035 ;*                         VARIÁVEIS                               *
                      00036 ;* * * * * * * * * * * * * * * * * * * * * * * * * * * * * * * * * *
                      00037 ; DEFINIÇÃO DOS NOMES E ENDEREÇOS DE TODAS AS VARIÁVEIS UTILIZADAS 
                      00038 ; PELO SISTEMA
                      00039 
                      00040         CBLOCK  0x20    ;ENDEREÇO INICIAL DA MEMÓRIA DE
                      00041                                         ;USUÁRIO
  00000020            00042                 W_TEMP          ;REGISTRADORES TEMPORÁRIOS PARA USO
  00000021            00043                 STATUS_TEMP     ;JUNTO ÀS INTERRUPÇÕES
MPASM 5.77                  VAZIO_EEPROM.ASM   11-3-2021  17:06:26         PAGE  2


LOC  OBJECT CODE     LINE SOURCE TEXT
  VALUE

  00000022            00044                 DADO            ;ARMAZENA O DADO PARA A EEPROM
  00000023            00045                 AUX             ; VARIÁVELAUXILIA
  00000024            00046                 CONT            ; PARA LOOP
  00000025            00047                 VAL_TROCA       ; VAR COM O VALOR QUE SERÁ TROCADO DE POSIÇÃO
  00000026            00048                 DECREMENTO  
  00000027            00049                 PIVO
  00000028            00050                 TROCAFLAG
                      00051                 
                      00052 
                      00053                 ;NOVAS VARIÁVEIS
                      00054 
                      00055         ENDC                    ;FIM DO BLOCO DE MEMÓRIA
                      00056 ;* * * * * * * * * * * * * * * * * * * * * * * * * * * * * * * * * *
                      00057 ;*                        FLAGS INTERNOS                           *
                      00058 ;* * * * * * * * * * * * * * * * * * * * * * * * * * * * * * * * * *
                      00059 ; DEFINIÇÃO DE TODOS OS FLAGS UTILIZADOS PELO SISTEMA
                      00060 
                      00061 ;* * * * * * * * * * * * * * * * * * * * * * * * * * * * * * * * * *
                      00062 ;*                         CONSTANTES                              *
                      00063 ;* * * * * * * * * * * * * * * * * * * * * * * * * * * * * * * * * *
                      00064 ; DEFINIÇÃO DE TODAS AS CONSTANTES UTILIZADAS PELO SISTEMA
                      00065 ; INICIALIZAÇÃO DA EEPROM, DE ACORDO COM A DESCRIÇÃO NO ARQUIVO "Def_Rega_Formigas.inc"
                      00066 
                      00067 ;A PARTIR DO ENDEREÇO ZERO DA EEPROM, DADOS EM ORDEM ALEATÓRIA
2100                  00068         ORG 0x2100
2100   0089 001E 0039 00069         DE      0X89,0X1E,0X39,0X9F,0XC2,0X0C,0XAB,0X33,0X63,0XD3,0X95,0X7B,0X38,0XD6,0X1E,0X48
       009F 00C2 000C 
       00AB 0033 0063 
       00D3 0095 007B 
       0038 00D6 001E 
       0048 
2110   00DB 00D8 0086 00070         DE      0XDB,0XD8,0X86,0XFD,0XA5,0XFC,0X0C,0XBE,0X68,0X9B,0XD9,0X10,0XD8,0XEC,0X90,0X91
       00FD 00A5 00FC 
       000C 00BE 0068 
       009B 00D9 0010 
       00D8 00EC 0090 
       0091 
2120   00AA 00BB 00CC 00071         DE      0XAA,0XBB,0XCC,0XDD,0XEE,0XF1,0XC9,0X77
       00DD 00EE 00F1 
       00C9 0077 
                      00072 
                      00073 ;* * * * * * * * * * * * * * * * * * * * * * * * * * * * * * * * * *
                      00074 ;*                           ENTRADAS                              *
                      00075 ;* * * * * * * * * * * * * * * * * * * * * * * * * * * * * * * * * *
                      00076 ; DEFINIÇÃO DE TODOS OS PINOS QUE SERÃO UTILIZADOS COMO ENTRADA
                      00077 ; RECOMENDAMOS TAMBÉM COMENTAR O SIGNIFICADO DE SEUS ESTADOS (0 E 1)
                      00078 
                      00079 ;* * * * * * * * * * * * * * * * * * * * * * * * * * * * * * * * * *
                      00080 ;*                           SAÍDAS                                *
                      00081 ;* * * * * * * * * * * * * * * * * * * * * * * * * * * * * * * * * *
                      00082 ; DEFINIÇÃO DE TODOS OS PINOS QUE SERÃO UTILIZADOS COMO SAÍDA
                      00083 ; RECOMENDAMOS TAMBÉM COMENTAR O SIGNIFICADO DE SEUS ESTADOS (0 E 1)
                      00084 
MPASM 5.77                  VAZIO_EEPROM.ASM   11-3-2021  17:06:26         PAGE  3


LOC  OBJECT CODE     LINE SOURCE TEXT
  VALUE

                      00085 ;* * * * * * * * * * * * * * * * * * * * * * * * * * * * * * * * * *
                      00086 ;*                       VETOR DE RESET                            *
                      00087 ;* * * * * * * * * * * * * * * * * * * * * * * * * * * * * * * * * *
                      00088 
0000                  00089         ORG     0x00                    ;ENDEREÇO INICIAL DE PROCESSAMENTO
0000   2825           00090         GOTO    INICIO
                      00091         
                      00092 ;* * * * * * * * * * * * * * * * * * * * * * * * * * * * * * * * * *
                      00093 ;*                    INÍCIO DA INTERRUPÇÃO                        *
                      00094 ;* * * * * * * * * * * * * * * * * * * * * * * * * * * * * * * * * *
                      00095 ; ENDEREÇO DE DESVIO DAS INTERRUPÇÕES. A PRIMEIRA TAREFA É SALVAR OS
                      00096 ; VALORES DE "W" E "STATUS" PARA RECUPERAÇÃO FUTURA
                      00097 
0004                  00098         ORG     0x04                    ;ENDEREÇO INICIAL DA INTERRUPÇÃO
0004   00A0           00099         MOVWF   W_TEMP          ;COPIA W PARA W_TEMP
0005   0E03           00100         SWAPF   STATUS,W
0006   00A1           00101         MOVWF   STATUS_TEMP     ;COPIA STATUS PARA STATUS_TEMP
                      00102 
                      00103 ;* * * * * * * * * * * * * * * * * * * * * * * * * * * * * * * * * *
                      00104 ;*                    ROTINA DE INTERRUPÇÃO                        *
                      00105 ;* * * * * * * * * * * * * * * * * * * * * * * * * * * * * * * * * *
                      00106 ; AQUI SERÃO ESCRITAS AS ROTINAS DE RECONHECIMENTO E TRATAMENTO DAS
                      00107 ; INTERRUPÇÕES
                      00108 
                      00109 ;* * * * * * * * * * * * * * * * * * * * * * * * * * * * * * * * * *
                      00110 ;*                 ROTINA DE SAÍDA DA INTERRUPÇÃO                  *
                      00111 ;* * * * * * * * * * * * * * * * * * * * * * * * * * * * * * * * * *
                      00112 ; OS VALORES DE "W" E "STATUS" DEVEM SER RECUPERADOS ANTES DE 
                      00113 ; RETORNAR DA INTERRUPÇÃO
                      00114 
0007                  00115 SAI_INT
0007   0E21           00116         SWAPF   STATUS_TEMP,W
0008   0083           00117         MOVWF   STATUS          ;MOVE STATUS_TEMP PARA STATUS
0009   0EA0           00118         SWAPF   W_TEMP,F
000A   0E20           00119         SWAPF   W_TEMP,W        ;MOVE W_TEMP PARA W
000B   0009           00120         RETFIE
                      00121 
                      00122 ;* * * * * * * * * * * * * * * * * * * * * * * * * * * * * * * * * *
                      00123 ;*                       ROTINAS E SUBROTINAS                      *
                      00124 ;* * * * * * * * * * * * * * * * * * * * * * * * * * * * * * * * * *
                      00125 ; CADA ROTINA OU SUBROTINA DEVE POSSUIR A DESCRIÇÃO DE FUNCIONAMENTO
                      00126 ; E UM NOME COERENTE ÀS SUAS FUNÇÕES.
000C                  00127 LE_EEPROM
                      00128 ;LER DADO DA EEPROM, CUJO ENDEREÇO É INDICADO EM W
                      00129 ;O DADO LIDO RETORNA EM W
000C   397F           00130         ANDLW   .127            ;LIMITA ENDEREÇO MAX. 127
000D   1683           00131         BANK1                           ;ACESSO VIA BANK 1
Message[302]: Register in operand not in bank 0.  Ensure that bank bits are correct.
000E   009B           00132         MOVWF   EEADR           ;INDICA O END. DE LEITURA
Message[302]: Register in operand not in bank 0.  Ensure that bank bits are correct.
000F   141C           00133         BSF             EECON1,RD       ;INICIA O PROCESSO DE LEITURA
Message[302]: Register in operand not in bank 0.  Ensure that bank bits are correct.
0010   081A           00134         MOVF    EEDATA,W        ;COLOCA DADO LIDO EM W
MPASM 5.77                  VAZIO_EEPROM.ASM   11-3-2021  17:06:26         PAGE  4


LOC  OBJECT CODE     LINE SOURCE TEXT
  VALUE

0011   1283           00135         BANK0                           ;POSICIONA PARA BANK 0
0012   0008           00136         RETURN
                      00137 
0013                  00138 GRAVA_EEPROM
                      00139 ;ESCREVE UM DADO NA EEPROM, CUJO ENDEREÇO É INDICADO EM W
                      00140 ;O DADO A SER ESCRITO DEVE ESTAR ARMAZENADO NA VARIÁVEL DADO
0013   397F           00141         ANDLW   .127            ;LIMITA ENDEREÇO MAX. 127
0014   1683           00142         BANK1                           ;ACESSO VIA BANK 1
Message[302]: Register in operand not in bank 0.  Ensure that bank bits are correct.
0015   009B           00143         MOVWF   EEADR
0016   0825           00144         MOVF    VAL_TROCA,W
Message[302]: Register in operand not in bank 0.  Ensure that bank bits are correct.
0017   009A           00145         MOVWF   EEDATA
Message[302]: Register in operand not in bank 0.  Ensure that bank bits are correct.
0018   151C           00146         BSF             EECON1,WREN ;HABILITA ESCRITA
0019   138B           00147         BCF             INTCON,GIE      ;DESLIGA INTERRUPÇÕES
001A   3055           00148         MOVLW   B'01010101'     ;DESBLOQUEIA ESCRITA
Message[302]: Register in operand not in bank 0.  Ensure that bank bits are correct.
001B   009D           00149         MOVWF   EECON2          ;
001C   30AA           00150         MOVLW   B'10101010'     ;DESBLOQUEIA ESCRITA
Message[302]: Register in operand not in bank 0.  Ensure that bank bits are correct.
001D   009D           00151         MOVWF   EECON2          ;
Message[302]: Register in operand not in bank 0.  Ensure that bank bits are correct.
001E   149C           00152         BSF             EECON1,WR ;INICIA A ESCRITA
001F                  00153 AGUARDA
Message[302]: Register in operand not in bank 0.  Ensure that bank bits are correct.
001F   189C           00154         BTFSC   EECON1,WR ;TERMINOU?
0020   281F           00155         GOTO    AGUARDA
0021   178B           00156         BSF             INTCON,GIE ;HABILITA INTERRUPÇÕES
0022   1283           00157         BANK0                           ;POSICIONA PARA BANK 0
0023   0008           00158         RETURN
                      00159 
0024                  00160 SUBROTINA1
                      00161 
                      00162         ;CORPO DA ROTINA
                      00163 
0024   0008           00164         RETURN
                      00165 
                      00166 ;* * * * * * * * * * * * * * * * * * * * * * * * * * * * * * * * * *
                      00167 ;*                     INICIO DO PROGRAMA                          *
                      00168 ;* * * * * * * * * * * * * * * * * * * * * * * * * * * * * * * * * *
                      00169         
0025                  00170 INICIO
0025   1683           00171         BANK1                           ;ALTERA PARA O BANCO 1
0026   3000           00172         MOVLW   B'00000000' ;CONFIGURA TODAS AS PORTAS DO GPIO (PINOS)
Message[302]: Register in operand not in bank 0.  Ensure that bank bits are correct.
0027   0085           00173         MOVWF   TRISIO          ;COMO SAÍDAS
Message[302]: Register in operand not in bank 0.  Ensure that bank bits are correct.
0028   019F           00174         CLRF    ANSEL           ;DEFINE PORTAS COMO Digital I/O
0029   3004           00175         MOVLW   B'00000100'
Message[302]: Register in operand not in bank 0.  Ensure that bank bits are correct.
002A   0081           00176         MOVWF   OPTION_REG      ;DEFINE OPÇÕES DE OPERAÇÃO
002B   3000           00177         MOVLW   B'00000000'
MPASM 5.77                  VAZIO_EEPROM.ASM   11-3-2021  17:06:26         PAGE  5


LOC  OBJECT CODE     LINE SOURCE TEXT
  VALUE

002C   008B           00178         MOVWF   INTCON          ;DEFINE OPÇÕES DE INTERRUPÇÕES
002D   1283           00179         BANK0                           ;RETORNA PARA O BANCO
002E   3007           00180         MOVLW   B'00000111'
002F   0099           00181         MOVWF   CMCON           ;DEFINE O MODO DE OPERAÇÃO DO COMPARADOR ANALÓGICO
                      00182 
                      00183 ;* * * * * * * * * * * * * * * * * * * * * * * * * * * * * * * * * *
                      00184 ;*                     INICIALIZAÇÃO DAS VARIÁVEIS                 *
                      00185 ;* * * * * * * * * * * * * * * * * * * * * * * * * * * * * * * * * *
                      00186 
                      00187 ;* * * * * * * * * * * * * * * * * * * * * * * * * * * * * * * * * *
                      00188 ;*                     ROTINA PRINCIPAL                            *
                      00189 ;* * * * * * * * * * * * * * * * * * * * * * * * * * * * * * * * * *
0030                  00190 MAIN
                      00191         
                      00192         ;CORPO DA ROTINA PRINCIPAL
                      00193         ;MOVLW .1
                      00194         ;MOVWF DECREMENTO    ; SÓ PARA DECREMENTAR INDIRETAMENTE
0030   01A8           00195         CLRF TROCAFLAG       ; ZERANDO A FLAG
0031   3000           00196         MOVLW .0
0032   00A4           00197         MOVWF CONT          ; ESSA VAR GUARDARÁ OS INDICES DAS POSIÇÕES, EM SUA PRIMEIRA EXECUÇÃO SERÁ A
                             POSIÇÃO 0
0033   0824           00198         MOVFW CONT
0034   2835           00199         GOTO LEITURA
0035                  00200 LEITURA
0035   200C           00201         CALL LE_EEPROM         
0036   00A2           00202         MOVWF DADO          ;SALVANDO O VALOR DO ELEMENTO QUE ESTÁ NA PRIMEIRA POSIÇÃO DA EPROM
0037   2838           00203         GOTO LOOP           
0038                  00204 LOOP    
0038   0180           00205         CLRF W
Message[305]: Using default destination of 1 (file).
0039   0AA4           00206         INCF CONT         ; INCREMENTA PARA O ENDEREÇO DA POSIÇÃO N+1
003A   0824           00207         MOVFW CONT        ; MOVENDO PARA O WORK
003B   200C           00208         CALL LE_EEPROM
003C   00A3           00209         MOVWF AUX         ; MOVI PARA UMA VARIÁVEL AUXILIAR QUE AJUDARÁ NA COMPARAÇÃO
003D   283E           00210         GOTO COMPARA
003E                  00211 COMPARA
003E   0823           00212         MOVFW AUX         ; MOVENDO O VALOR DA POSIÇÃO N+1 PARA O WORK PARA FAZER A SUBTRAÇÃO
003F   0222           00213         SUBWF DADO, W     ; SE AUX FOR MENOR QUE DADO, O BIT C SERÁ IGUAL A 1
0040   1903           00214         BTFSC STATUS, Z   ; SE FOR IGUAL PERMANECE
0041   2851           00215         GOTO PERMANECE
0042   1803           00216         BTFSC STATUS, C   ; SE C = 0, O ELEMENTO DA POSIÇÃO N É MENOR QUE N+1!
0043   2845           00217         GOTO ORDENA1
0044   2851           00218         GOTO PERMANECE
                      00219         
                      00220         
                      00221         
0045                  00222 ORDENA1 
Message[305]: Using default destination of 1 (file).
0045   0AA8           00223         INCF TROCAFLAG       ; SETANDO A VARIÁVEL TROCA 
0046   0823           00224         MOVFW AUX            ; MOVENDO O VALOR Q ESTÁ CONTIDO NA POSIÇÃO N+1(AUX) PARA OUTRA VARIÁVEL
0047   00A5           00225         MOVWF VAL_TROCA
Message[305]: Using default destination of 1 (file).
0048   03A4           00226         DECF CONT            ; MOVENDO A POSIÇÃO N PARA O WORK
MPASM 5.77                  VAZIO_EEPROM.ASM   11-3-2021  17:06:26         PAGE  6


LOC  OBJECT CODE     LINE SOURCE TEXT
  VALUE

0049   0824           00227         MOVFW CONT
004A   2013           00228         CALL GRAVA_EEPROM
004B   0822           00229         MOVFW DADO           ; MOVENDO O VALOR Q ESTÁ CONTIDO NA VAR DADO REFERENTE A ANTIGA POSIÇÃO N P
                            ARA OUTRA VARIÁVEL
004C   00A5           00230         MOVWF VAL_TROCA
Message[305]: Using default destination of 1 (file).
004D   0AA4           00231         INCF CONT            ; MOVENDO A POSIÇÃO N+1 PARA O WORK
004E   0824           00232         MOVFW CONT
004F   2013           00233         CALL GRAVA_EEPROM
0050   2854           00234         GOTO FIMLOOP
0051                  00235 PERMANECE          
0051   0823           00236         MOVFW AUX         ;O ELEMENTO DA POSIÇÃO PERMANECE, MAS PARA NÃO PERDER O VALOR AO VOLTAR PARA O
                             LOOP ATUALIZO DADO COM O VALOR N+1
0052   00A2           00237         MOVWF DADO
0053   2854           00238         GOTO FIMLOOP
0054                  00239 FIMLOOP
0054   3027           00240         MOVLW .39          ;MÁXIMO DE POSIÇÕES 
0055   0224           00241         SUBWF CONT, W      ; SE FOR POSITIVO PERCORREMOS TODAS AS POSIÇÕES, SE NÃO O PIVÔ CONTINUA 
0056   1803           00242         BTFSC STATUS, C
0057   2859           00243         GOTO TROCA
0058   2838           00244         GOTO LOOP
                      00245 
0059                  00246 TROCA
0059   0828           00247         MOVFW TROCAFLAG
005A   1903           00248         BTFSC STATUS, Z
005B   285D           00249         GOTO  FIM
005C   2830           00250         GOTO MAIN
                      00251 
                      00252         
                      00253         
                      00254         
                      00255         
                      00256          
                      00257         ;MOVLW  .99
                      00258         ;MOVWF  DADO
                      00259         ;MOVLW  .8
                      00260         ;CALL   GRAVA_EEPROM
                      00261         ;CLRF   DADO
                      00262         ;MOVLW  .8
                      00263         ;CALL   LE_EEPROM
005D                  00264 FIM
005D   285D           00265         GOTO FIM
                      00266 
                      00267 ;* * * * * * * * * * * * * * * * * * * * * * * * * * * * * * * * * *
                      00268 ;*                       FIM DO PROGRAMA                           *
                      00269 ;* * * * * * * * * * * * * * * * * * * * * * * * * * * * * * * * * *
                      00270 
                      00271         END
MPASM 5.77                  VAZIO_EEPROM.ASM   11-3-2021  17:06:26         PAGE  7


SYMBOL TABLE
  LABEL                             VALUE 

ADCON0                            0000001F
ADCS0                             00000004
ADCS1                             00000005
ADCS2                             00000006
ADFM                              00000007
ADIE                              00000006
ADIF                              00000006
ADON                              00000000
ADRESH                            0000001E
ADRESL                            0000009E
AGUARDA                           0000001F
ANS0                              00000000
ANS1                              00000001
ANS2                              00000002
ANS3                              00000003
ANSEL                             0000009F
AUX                               00000023
BANK0                             BCF STATUS,RP0
BANK1                             BSF STATUS,RP0
C                                 00000000
CAL0                              00000002
CAL1                              00000003
CAL2                              00000004
CAL3                              00000005
CAL4                              00000006
CAL5                              00000007
CHS0                              00000002
CHS1                              00000003
CINV                              00000004
CIS                               00000003
CM0                               00000000
CM1                               00000001
CM2                               00000002
CMCON                             00000019
CMIE                              00000003
CMIF                              00000003
COMPARA                           0000003E
CONT                              00000024
COUT                              00000006
DADO                              00000022
DC                                00000001
DECREMENTO                        00000026
EEADR                             0000009B
EECON1                            0000009C
EECON2                            0000009D
EEDAT                             0000009A
EEDATA                            0000009A
EEIE                              00000007
EEIF                              00000007
F                                 00000001
FIM                               0000005D
FIMLOOP                           00000054
FSR                               00000004
MPASM 5.77                  VAZIO_EEPROM.ASM   11-3-2021  17:06:26         PAGE  8


SYMBOL TABLE
  LABEL                             VALUE 

GIE                               00000007
GO                                00000001
GO_DONE                           00000001
GO_NOT_DONE                       00000001
GP0                               00000000
GP1                               00000001
GP2                               00000002
GP3                               00000003
GP4                               00000004
GP5                               00000005
GPIE                              00000003
GPIF                              00000000
GPIO                              00000005
GPIO0                             00000000
GPIO1                             00000001
GPIO2                             00000002
GPIO3                             00000003
GPIO4                             00000004
GPIO5                             00000005
GRAVA_EEPROM                      00000013
INDF                              00000000
INICIO                            00000025
INTCON                            0000000B
INTE                              00000004
INTEDG                            00000006
INTF                              00000001
IOC                               00000096
IOC0                              00000000
IOC1                              00000001
IOC2                              00000002
IOC3                              00000003
IOC4                              00000004
IOC5                              00000005
IOCB                              00000096
IOCB0                             00000000
IOCB1                             00000001
IOCB2                             00000002
IOCB3                             00000003
IOCB4                             00000004
IOCB5                             00000005
IRP                               00000007
LEITURA                           00000035
LE_EEPROM                         0000000C
LOOP                              00000038
MAIN                              00000030
NOT_BOD                           00000000
NOT_BOR                           00000000
NOT_DONE                          00000001
NOT_GPPU                          00000007
NOT_PD                            00000003
NOT_POR                           00000001
NOT_T1SYNC                        00000002
NOT_TO                            00000004
MPASM 5.77                  VAZIO_EEPROM.ASM   11-3-2021  17:06:26         PAGE  9


SYMBOL TABLE
  LABEL                             VALUE 

OPTION_REG                        00000081
ORDENA1                           00000045
OSCCAL                            00000090
PCL                               00000002
PCLATH                            0000000A
PCON                              0000008E
PEIE                              00000006
PERMANECE                         00000051
PIE1                              0000008C
PIR1                              0000000C
PIVO                              00000027
PS0                               00000000
PS1                               00000001
PS2                               00000002
PSA                               00000003
RD                                00000000
RP0                               00000005
RP1                               00000006
SAI_INT                           00000007
STATUS                            00000003
STATUS_TEMP                       00000021
SUBROTINA1                        00000024
T0CS                              00000005
T0IE                              00000005
T0IF                              00000002
T0SE                              00000004
T1CKPS0                           00000004
T1CKPS1                           00000005
T1CON                             00000010
T1IE                              00000000
T1IF                              00000000
T1OSCEN                           00000003
TMR0                              00000001
TMR0IE                            00000005
TMR0IF                            00000002
TMR1                              0000000E
TMR1CS                            00000001
TMR1GE                            00000006
TMR1H                             0000000F
TMR1IE                            00000000
TMR1IF                            00000000
TMR1L                             0000000E
TMR1ON                            00000000
TRISIO                            00000085
TRISIO0                           00000000
TRISIO1                           00000001
TRISIO2                           00000002
TRISIO3                           00000003
TRISIO4                           00000004
TRISIO5                           00000005
TROCA                             00000059
TROCAFLAG                         00000028
VAL_TROCA                         00000025
MPASM 5.77                  VAZIO_EEPROM.ASM   11-3-2021  17:06:26         PAGE 10


SYMBOL TABLE
  LABEL                             VALUE 

VCFG                              00000006
VR0                               00000000
VR1                               00000001
VR2                               00000002
VR3                               00000003
VRCON                             00000099
VREN                              00000007
VRR                               00000005
W                                 00000000
WPU                               00000095
WPU0                              00000000
WPU1                              00000001
WPU2                              00000002
WPU4                              00000004
WPU5                              00000005
WR                                00000001
WREN                              00000002
WRERR                             00000003
W_TEMP                            00000020
Z                                 00000002
_BODEN_OFF                        00003FBF
_BODEN_ON                         00003FFF
_BOREN_OFF                        00003FBF
_BOREN_ON                         00003FFF
_CONFIG                           00002007
_CPD_OFF                          00003FFF
_CPD_ON                           00003EFF
_CP_OFF                           00003FFF
_CP_ON                            00003F7F
_DEVID1                           00002006
_EC_OSC                           00003FFB
_EXTRC_OSC_CLKOUT                 00003FFF
_EXTRC_OSC_NOCLKOUT               00003FFE
_FOSC_EC                          00003FFB
_FOSC_EXTRCCLK                    00003FFF
_FOSC_EXTRCIO                     00003FFE
_FOSC_HS                          00003FFA
_FOSC_INTRCCLK                    00003FFD
_FOSC_INTRCIO                     00003FFC
_FOSC_LP                          00003FF8
_FOSC_XT                          00003FF9
_HS_OSC                           00003FFA
_IDLOC0                           00002000
_IDLOC1                           00002001
_IDLOC2                           00002002
_IDLOC3                           00002003
_INTRC_OSC_CLKOUT                 00003FFD
_INTRC_OSC_NOCLKOUT               00003FFC
_LP_OSC                           00003FF8
_MCLRE_OFF                        00003FDF
_MCLRE_ON                         00003FFF
_PWRTE_OFF                        00003FFF
_PWRTE_ON                         00003FEF
MPASM 5.77                  VAZIO_EEPROM.ASM   11-3-2021  17:06:26         PAGE 11


SYMBOL TABLE
  LABEL                             VALUE 

_WDTE_OFF                         00003FF7
_WDTE_ON                          00003FFF
_WDT_OFF                          00003FF7
_WDT_ON                           00003FFF
_XT_OSC                           00003FF9
__12F675                          00000001
__DEBUG                           
__MPLAB_DEBUGGER_SIMULATOR        1


MEMORY USAGE MAP ('X' = Used,  '-' = Unused)

0000 : X---XXXXXXXXXXXX XXXXXXXXXXXXXXXX XXXXXXXXXXXXXXXX XXXXXXXXXXXXXXXX
0040 : XXXXXXXXXXXXXXXX XXXXXXXXXXXXXX-- ---------------- ----------------
2000 : -------X-------- ---------------- ---------------- ----------------
2100 : XXXXXXXXXXXXXXXX XXXXXXXXXXXXXXXX XXXXXXXX-------- ----------------

All other memory blocks unused.

Program Memory Words Used:    91
Program Memory Words Free:   933


Errors   :     0
Warnings :     0 reported,     0 suppressed
Messages :    17 reported,     0 suppressed

