MPASM 5.77                  MASTER_SLAVE.ASM   12-8-2021  0:06:46         PAGE  1


LOC  OBJECT CODE     LINE SOURCE TEXT
  VALUE

                      00001 ;* * * * * * * * * * * * * * * * * * * * * * * * * * * * * * * * * *
                      00002 ;*              MODIFICAÇÕES PARA USO COM 12F675                   *
                      00003 ;*                FEITAS PELO PROF. MARDSON                        *
                      00004 ;*                      MARÇO DE 2021                              *
                      00005 ;*                 BASEADO NO EXEMPLO DO LIVRO                     *
                      00006 ;*           Desbravando o PIC. David José de Souza                *
                      00007 ;*-----------------------------------------------------------------*
                      00008 ;*   MODELO PARA O PIC 12F675                                      *
                      00009 ;* * * * * * * * * * * * * * * * * * * * * * * * * * * * * * * * * *
                      00010 
                      00011 ;* * * * * * * * * * * * * * * * * * * * * * * * * * * * * * * * * *
                      00012 ;*                     ARQUIVOS DE DEFINIÇÕES                      *
                      00013 ;* * * * * * * * * * * * * * * * * * * * * * * * * * * * * * * * * *
                      00014 #INCLUDE <p12f675.inc>  ;ARQUIVO PADRÃO MICROCHIP PARA 12F675
                      00001         LIST
                      00002 
                      00003 ;==========================================================================
                      00004 ; Build date : Nov 22 2017
                      00005 ;  MPASM PIC12F675 processor include
                      00006 ; 
                      00007 ;  (c) Copyright 1999-2017 Microchip Technology, All rights reserved
                      00008 ;==========================================================================
                      00009 
                      00367         LIST
                      00015 
2007   3FA4           00016         __CONFIG _BODEN_OFF & _CP_OFF & _PWRTE_ON & _WDT_OFF & _MCLRE_ON & _INTRC_OSC_NOCLKOUT
                      00017 
                      00018 ;* * * * * * * * * * * * * * * * * * * * * * * * * * * * * * * * * *
                      00019 ;*                    PAGINAÇÃO DE MEMÓRIA                         *
                      00020 ;* * * * * * * * * * * * * * * * * * * * * * * * * * * * * * * * * *
                      00021 ;DEFINIÇÃO DE COMANDOS DE USUÁRIO PARA ALTERAÇÃO DA PÁGINA DE MEMÓRIA
                      00022 #DEFINE BANK0   BCF STATUS,RP0  ;SETA BANK 0 DE MEMÓRIA
                      00023 #DEFINE BANK1   BSF STATUS,RP0  ;SETA BANK 1 DE MAMÓRIA
                      00024 
                      00025 ;* * * * * * * * * * * * * * * * * * * * * * * * * * * * * * * * * *
                      00026 ;*                         VARIÁVEIS                               *
                      00027 ;* * * * * * * * * * * * * * * * * * * * * * * * * * * * * * * * * *
                      00028 ; DEFINIÇÃO DOS NOMES E ENDEREÇOS DE TODAS AS VARIÁVEIS UTILIZADAS 
                      00029 ; PELO SISTEMA
                      00030 
                      00031         CBLOCK  0x20    ;ENDEREÇO INICIAL DA MEMÓRIA DE
                      00032                                         ;USUÁRIO
  00000020            00033                 W_TEMP            ;REGISTRADORES TEMPORÁRIOS PARA USO
  00000021            00034                 STATUS_TEMP       ;JUNTO ÀS INTERRUPÇÕE
  00000022            00035                 INTERRUPTOR
  00000023            00036                 CONTADORL
  00000024            00037                 CONTADORH
  00000025            00038                 PERIODO
  00000026            00039                 VALORDIGITAL
  00000027            00040                 ON                 ; MICRO ACORDADO 
  00000028            00041                 OFF                ; MICRO DESLIGADO
                      00042                 ;COLOQUE AQUI SUAS NOVAS VARIÁVEIS
                      00043                 ;NÃO ESQUEÇA COMENTÁRIOS ESCLARECEDORES
MPASM 5.77                  MASTER_SLAVE.ASM   12-8-2021  0:06:46         PAGE  2


LOC  OBJECT CODE     LINE SOURCE TEXT
  VALUE

                      00044 
                      00045         ENDC                    ;FIM DO BLOCO DE DEFINIÇÃO DE VARIÁVEIS
                      00046 
                      00047 ;* * * * * * * * * * * * * * * * * * * * * * * * * * * * * * * * * *
                      00048 ;*                        FLAGS INTERNOS                           *
                      00049 ;* * * * * * * * * * * * * * * * * * * * * * * * * * * * * * * * * *
                      00050 ; DEFINIÇÃO DE TODOS OS FLAGS UTILIZADOS PELO SISTEMA
                      00051 
                      00052 ;* * * * * * * * * * * * * * * * * * * * * * * * * * * * * * * * * *
                      00053 ;*                         CONSTANTES                              *
                      00054 ;* * * * * * * * * * * * * * * * * * * * * * * * * * * * * * * * * *
                      00055 ; DEFINIÇÃO DE TODAS AS CONSTANTES UTILIZADAS PELO SISTEMA
                      00056 
                      00057 ;* * * * * * * * * * * * * * * * * * * * * * * * * * * * * * * * * *
                      00058 ;*                           ENTRADAS                              *
                      00059 ;* * * * * * * * * * * * * * * * * * * * * * * * * * * * * * * * * *
                      00060 ; DEFINIÇÃO DE TODOS OS PINOS QUE SERÃO UTILIZADOS COMO ENTRADA
                      00061 ; RECOMENDAMOS TAMBÉM COMENTAR O SIGNIFICADO DE SEUS ESTADOS (0 E 1)
                      00062 
                      00063 ;* * * * * * * * * * * * * * * * * * * * * * * * * * * * * * * * * *
                      00064 ;*                           SAÍDAS                                *
                      00065 ;* * * * * * * * * * * * * * * * * * * * * * * * * * * * * * * * * *
                      00066 ; DEFINIÇÃO DE TODOS OS PINOS QUE SERÃO UTILIZADOS COMO SAÍDA
                      00067 ; RECOMENDAMOS TAMBÉM COMENTAR O SIGNIFICADO DE SEUS ESTADOS (0 E 1)
                      00068 
                      00069 ;* * * * * * * * * * * * * * * * * * * * * * * * * * * * * * * * * *
                      00070 ;*                       VETOR DE RESET                            *
                      00071 ;* * * * * * * * * * * * * * * * * * * * * * * * * * * * * * * * * *
                      00072 
0000                  00073         ORG     0x00                    ;ENDEREÇO INICIAL DE PROCESSAMENTO
0000   283D           00074         GOTO    INICIO
                      00075         
                      00076         
                      00077 ;* * * * * * * * * * * * * * * * * * * * * * * * * * * * * * * * * *
                      00078 ;*                    INÍCIO DA INTERRUPÇÃO                        *
                      00079 ;* * * * * * * * * * * * * * * * * * * * * * * * * * * * * * * * * *
                      00080 ; ENDEREÇO DE DESVIO DAS INTERRUPÇÕES. A PRIMEIRA TAREFA É SALVAR OS
                      00081 ; VALORES DE "W" E "STATUS" PARA RECUPERAÇÃO FUTURA
                      00082 
0004                  00083         ORG     0x04                    ;ENDEREÇO INICIAL DA INTERRUPÇÃO
0004   00A0           00084         MOVWF   W_TEMP          ;COPIA W PARA W_TEMP
0005   0E03           00085         SWAPF   STATUS,W
0006   00A1           00086         MOVWF   STATUS_TEMP     ;COPIA STATUS PARA STATUS_TEMP
                      00087         
                      00088 
                      00089 ;* * * * * * * * * * * * * * * * * * * * * * * * * * * * * * * * * *
                      00090 ;*                    ROTINA DE INTERRUPÇÃO                        *
                      00091 ;* * * * * * * * * * * * * * * * * * * * * * * * * * * * * * * * * *
                      00092 ; AQUI SERÃO ESCRITAS AS ROTINAS DE RECONHECIMENTO E TRATAMENTO DAS
                      00093 ; INTERRUPÇÕES
                      00094         ; VERIFICANDO A POSIÇÃO DA INTERRUPÇAÕ
0007                  00095 MUDAPARAOUTPUT
0007   1683           00096         BANK1                           ;ALTERA PARA O BANCO 1
MPASM 5.77                  MASTER_SLAVE.ASM   12-8-2021  0:06:46         PAGE  3


LOC  OBJECT CODE     LINE SOURCE TEXT
  VALUE

0008   3000           00097         MOVLW   B'00000000'     ;CONFIGUREI O GP2 e gp1 COMO ENTRADA, E OS OUTROS SÃO SAÍDAS, COM exceçã
                            o gp3 que não muda
Message[302]: Register in operand not in bank 0.  Ensure that bank bits are correct.
0009   0085           00098         MOVWF   TRISIO
000A   1283           00099         BANK0
000B   0181           00100         CLRF TMR0                ;INICIANDO A CONTAGEM PARA SABER SE O ESCRAVO FOI SOLICITADO
000C   30B9           00101         MOVLW .185                ;PROVOCAR O ESTOURO EM 18US 256 - 71 = 185
000D                  00102 CONTA18US
000D   1D0B           00103         BTFSS INTCON, T0IF      ; estourou? Sim! SOLICITAÇÃO RECONHECIDA PELO SENSOR, LOGO PODE PREPARAR
                             O DADO
000E   280D           00104         GOTO CONTA18US
000F   110B           00105         BCF INTCON, T0IF        ; LIMPA A FLAG  
0010                  00106 MUDAPARAINPUT
0010   1683           00107         BANK1
0011   3000           00108         MOVLW   B'00000000'     ;DESATIVANDO A INTERRUPÇÃO POR MUDANÇA DA PORTA GP2 
Message[302]: Register in operand not in bank 0.  Ensure that bank bits are correct.
0012   0096           00109         MOVWF   IOC             ;DEFINE OPÇÕES DE INTERRUPÇÕES
0013   3004           00110         MOVLW   B'00000100'     ;CONFIGUREI O GP2 e gp1 COMO ENTRADA, E OS OUTROS SÃO SAÍDAS, COM exceçã
                            o gp3 que não muda
Message[302]: Register in operand not in bank 0.  Ensure that bank bits are correct.
0014   0085           00111         MOVWF   TRISIO
0015   1283           00112         BANK0
                      00113         ;DESATIVA INTERRUÇÃO POR MUDANÇA DE PORTA
0016                  00114 INICIACONV      
0016   149F           00115         BSF ADCON0,1                         ;Setando o bit go/done para iniciar a conversão
0017                  00116 CONV
0017   189F           00117         BTFSC ADCON0, 1                      ;Testo o mesmo bit go/done se foi para 0, pois indicará par
                            a mim se a conversão foi finalizada 
0018   2817           00118         GOTO CONV                           ; Fica no loop enquanto não tiver terminado a conversão
0019   081E           00119         MOVFW ADRESH                        ; Movendo o valor da conversão que estará contido no adresh,
                             pois configurei o registrador ADCON0 com a justificativa pela esquerda 
001A   00A6           00120         MOVWF VALORDIGITAL                  ; Salvando esse sinal analógico convertido para digital em u
                            ma variável para tratar futuramente
001B   108B           00121         BCF INTCON, INTF                    ; LIMPANDO os bits para sairem da interrupção
001C                  00122 MUDAPARAOUTPUT2
001C   1683           00123         BANK1                           ;ALTERA PARA O BANCO 1
001D   3000           00124         MOVLW   B'00000000'     ;CONFIGUREI O GP2 e gp1 COMO ENTRADA, E OS OUTROS SÃO SAÍDAS, COM exceçã
                            o gp3 que não muda
Message[302]: Register in operand not in bank 0.  Ensure that bank bits are correct.
001E   0085           00125         MOVWF   TRISIO
001F   1283           00126         BANK0
0020   0181           00127         CLRF TMR0                 ;INICIANDO PROTOCOLO DO SENSOR
0021   3063           00128         MOVLW .99                ;PROVOCAR O ESTOURO EM 40US 256 - 157 = 18
0022                  00129 CONTA80LOW
0022   1D0B           00130         BTFSS INTCON, T0IF      ; estourou? Sim! SOLICITAÇÃO RECONHECIDA PELO SENSOR, LOGO PODE PREPARAR
                             O DADO
0023   2822           00131         GOTO CONTA80LOW
Message[305]: Using default destination of 1 (file).
0024   0AA3           00132         INCF CONTADORL
0025   3002           00133         MOVLW .2
0026   0223           00134         SUBWF CONTADORL, W
0027   1803           00135         BTFSC STATUS, C         ; SE TIVER CONTADO 40US 2 VEZES, TEREMOS  80us 
0028   282D           00136         GOTO CONTA80HIGH
MPASM 5.77                  MASTER_SLAVE.ASM   12-8-2021  0:06:46         PAGE  4


LOC  OBJECT CODE     LINE SOURCE TEXT
  VALUE

0029   110B           00137         BCF INTCON, T0IF        ;LIMPA A FLAG
002A   0181           00138         CLRF TMR0               ;ZERANDO O TMR0
002B   3063           00139         MOVLW .99                ;PROVOCAR O ESTOURO EM 40US 256 - 157 = 18
002C   2822           00140         GOTO CONTA80LOW 
002D                  00141 CONTA80HIGH
002D   1D0B           00142         BTFSS INTCON, T0IF      ; estourou? Sim! SOLICITAÇÃO RECONHECIDA PELO SENSOR, LOGO PODE PREPARAR
                             O DADO
002E   2822           00143         GOTO CONTA80LOW
Message[305]: Using default destination of 1 (file).
002F   0AA4           00144         INCF CONTADORH
0030   3002           00145         MOVLW .2
0031   0224           00146         SUBWF CONTADORH, W
0032   1803           00147         BTFSC STATUS, C         ; SE TIVER CONTADO 40US 2 VEZES, TEREMOS  80us 
0033   282D           00148         GOTO CONTA80HIGH
0034   110B           00149         BCF INTCON, T0IF        ;LIMPA A FLAG
0035   0181           00150         CLRF TMR0               ;ZERANDO O TMR0
0036   3063           00151         MOVLW .99                ;PROVOCAR O ESTOURO EM 40US 256 - 157 = 18
0037   2822           00152         GOTO CONTA80LOW
                      00153 
                      00154 
                      00155         
                      00156 
                      00157         
                      00158 
                      00159 
                      00160 
                      00161         
                      00162         
                      00163 
                      00164 ;* * * * * * * * * * * * * * * * * * * * * * * * * * * * * * * * * *
                      00165 ;*                 ROTINA DE SAÍDA DA INTERRUPÇÃO                  *
                      00166 ;* * * * * * * * * * * * * * * * * * * * * * * * * * * * * * * * * *
                      00167 ; OS VALORES DE "W" E "STATUS" DEVEM SER RECUPERADOS ANTES DE 
                      00168 ; RETORNAR DA INTERRUPÇÃO
                      00169 
0038                  00170 SAI_INT
0038   0E21           00171         SWAPF   STATUS_TEMP,W
0039   0083           00172         MOVWF   STATUS          ;MOVE STATUS_TEMP PARA STATUS
003A   0EA0           00173         SWAPF   W_TEMP,F
003B   0E20           00174         SWAPF   W_TEMP,W        ;MOVE W_TEMP PARA W
003C   0009           00175         RETFIE
                      00176 
                      00177 
                      00178 ;* * * * * * * * * * * * * * * * * * * * * * * * * * * * * * * * * *
                      00179 ;*                       ROTINAS E SUBROTINAS                      *
                      00180 ;* * * * * * * * * * * * * * * * * * * * * * * * * * * * * * * * * *
                      00181 ; CADA ROTINA OU SUBROTINA DEVE POSSUIR A DESCRIÇÃO DE FUNCIONAMENTO
                      00182 ; E UM NOME COERENTE ÀS SUAS FUNÇÕES.
                      00183 
                      00184 
                      00185 
                      00186         ;CORPO DA ROTINA
                      00187 
MPASM 5.77                  MASTER_SLAVE.ASM   12-8-2021  0:06:46         PAGE  5


LOC  OBJECT CODE     LINE SOURCE TEXT
  VALUE

                      00188  
                      00189 
                      00190 ;* * * * * * * * * * * * * * * * * * * * * * * * * * * * * * * * * *
                      00191 ;*                     INICIO DO PROGRAMA                          *
                      00192 ;* * * * * * * * * * * * * * * * * * * * * * * * * * * * * * * * * *
                      00193         
003D                  00194 INICIO
003D   1683           00195         BANK1                           ;ALTERA PARA O BANCO 1
003E   3006           00196         MOVLW   B'00000110'     ;CONFIGUREI O GP2 e gp1 COMO ENTRADA, E OS OUTROS SÃO SAÍDAS, COM exceçã
                            o gp3 que não muda
Message[302]: Register in operand not in bank 0.  Ensure that bank bits are correct.
003F   0085           00197         MOVWF   TRISIO          
0040   3012           00198         MOVLW   B'00010010'     ;divisor de clock configurado para dividir por 8 e an1 configurado como 
                            entrada analógica
Message[302]: Register in operand not in bank 0.  Ensure that bank bits are correct.
0041   009F           00199         MOVWF   ANSEL           ;DEFINE PORTAS COMO Digital I/O
0042   3004           00200         MOVLW   B'00000100'     ;MUDANDO GP2, UMA INTERRUPÇÃO SERÁ GERADA 
Message[302]: Register in operand not in bank 0.  Ensure that bank bits are correct.
0043   0096           00201         MOVWF   IOC             ;DEFINE OPÇÕES DE INTERRUPÇÕES
0044   3047           00202         MOVLW   B'01000111'     ; 1:128 E SETANDO O BIT 6 PARA INTERRUPÇÃO REFERENTE AO GP2
Message[302]: Register in operand not in bank 0.  Ensure that bank bits are correct.
0045   0081           00203         MOVWF   OPTION_REG      ;DEFINE OPÇÕES DE OPERAÇÃO
0046   1283           00204         BANK0                           ;RETORNA PARA O BANCO
0047   3090           00205         MOVLW   B'10010000'     ;lIGUEI A CHAVE GERAL, E RELACIONADO AO GP2 QUE GERARÁ INTERRUPÇÃO
0048   008B           00206         MOVWF   INTCON          ;DEFINE OPÇÕES DE INTERRUPÇÕES
0049   3005           00207         MOVLW   B'00000101'     ;habilitei o conversor e selecionei o canal analógico 1 referente ao gp1
004A   009F           00208         MOVWF   ADCON0 
004B   3007           00209         MOVLW   B'00000111'
004C   0099           00210         MOVWF   CMCON           ;DEFINE O MODO DE OPERAÇÃO DO COMPARADOR ANALÓGICO
                      00211 
                      00212 ;* * * * * * * * * * * * * * * * * * * * * * * * * * * * * * * * * *
                      00213 ;*                     INICIALIZAÇÃO DAS VARIÁVEIS                 *
                      00214 ;* * * * * * * * * * * * * * * * * * * * * * * * * * * * * * * * * *
                      00215 
                      00216 ;* * * * * * * * * * * * * * * * * * * * * * * * * * * * * * * * * *
                      00217 ;*                     ROTINA PRINCIPAL                            *
                      00218 ;* * * * * * * * * * * * * * * * * * * * * * * * * * * * * * * * * *
004D                  00219 DORME   
004D   0063           00220         SLEEP                  ; SLAVE dormindo 
004E   0000           00221         NOP
004F   2850           00222         GOTO TRANSMISSAODADOS
0050                  00223 TRANSMISSAODADOS
0050   2850           00224         GOTO TRANSMISSAODADOS
                      00225 
0051                  00226 FIM
                      00227         
                      00228 
                      00229 ;* * * * * * * * * * * * * * * * * * * * * * * * * * * * * * * * * *
                      00230 ;*                       FIM DO PROGRAMA                           *
                      00231 ;* * * * * * * * * * * * * * * * * * * * * * * * * * * * * * * * * *
                      00232 
                      00233         END
MPASM 5.77                  MASTER_SLAVE.ASM   12-8-2021  0:06:46         PAGE  6


SYMBOL TABLE
  LABEL                             VALUE 

ADCON0                            0000001F
ADCS0                             00000004
ADCS1                             00000005
ADCS2                             00000006
ADFM                              00000007
ADIE                              00000006
ADIF                              00000006
ADON                              00000000
ADRESH                            0000001E
ADRESL                            0000009E
ANS0                              00000000
ANS1                              00000001
ANS2                              00000002
ANS3                              00000003
ANSEL                             0000009F
BANK0                             BCF STATUS,RP0
BANK1                             BSF STATUS,RP0
C                                 00000000
CAL0                              00000002
CAL1                              00000003
CAL2                              00000004
CAL3                              00000005
CAL4                              00000006
CAL5                              00000007
CHS0                              00000002
CHS1                              00000003
CINV                              00000004
CIS                               00000003
CM0                               00000000
CM1                               00000001
CM2                               00000002
CMCON                             00000019
CMIE                              00000003
CMIF                              00000003
CONTA18US                         0000000D
CONTA80HIGH                       0000002D
CONTA80LOW                        00000022
CONTADORH                         00000024
CONTADORL                         00000023
CONV                              00000017
COUT                              00000006
DC                                00000001
DORME                             0000004D
EEADR                             0000009B
EECON1                            0000009C
EECON2                            0000009D
EEDAT                             0000009A
EEDATA                            0000009A
EEIE                              00000007
EEIF                              00000007
F                                 00000001
FIM                               00000051
FSR                               00000004
MPASM 5.77                  MASTER_SLAVE.ASM   12-8-2021  0:06:46         PAGE  7


SYMBOL TABLE
  LABEL                             VALUE 

GIE                               00000007
GO                                00000001
GO_DONE                           00000001
GO_NOT_DONE                       00000001
GP0                               00000000
GP1                               00000001
GP2                               00000002
GP3                               00000003
GP4                               00000004
GP5                               00000005
GPIE                              00000003
GPIF                              00000000
GPIO                              00000005
GPIO0                             00000000
GPIO1                             00000001
GPIO2                             00000002
GPIO3                             00000003
GPIO4                             00000004
GPIO5                             00000005
INDF                              00000000
INICIACONV                        00000016
INICIO                            0000003D
INTCON                            0000000B
INTE                              00000004
INTEDG                            00000006
INTERRUPTOR                       00000022
INTF                              00000001
IOC                               00000096
IOC0                              00000000
IOC1                              00000001
IOC2                              00000002
IOC3                              00000003
IOC4                              00000004
IOC5                              00000005
IOCB                              00000096
IOCB0                             00000000
IOCB1                             00000001
IOCB2                             00000002
IOCB3                             00000003
IOCB4                             00000004
IOCB5                             00000005
IRP                               00000007
MUDAPARAINPUT                     00000010
MUDAPARAOUTPUT                    00000007
MUDAPARAOUTPUT2                   0000001C
NOT_BOD                           00000000
NOT_BOR                           00000000
NOT_DONE                          00000001
NOT_GPPU                          00000007
NOT_PD                            00000003
NOT_POR                           00000001
NOT_T1SYNC                        00000002
NOT_TO                            00000004
MPASM 5.77                  MASTER_SLAVE.ASM   12-8-2021  0:06:46         PAGE  8


SYMBOL TABLE
  LABEL                             VALUE 

OFF                               00000028
ON                                00000027
OPTION_REG                        00000081
OSCCAL                            00000090
PCL                               00000002
PCLATH                            0000000A
PCON                              0000008E
PEIE                              00000006
PERIODO                           00000025
PIE1                              0000008C
PIR1                              0000000C
PS0                               00000000
PS1                               00000001
PS2                               00000002
PSA                               00000003
RD                                00000000
RP0                               00000005
RP1                               00000006
SAI_INT                           00000038
STATUS                            00000003
STATUS_TEMP                       00000021
T0CS                              00000005
T0IE                              00000005
T0IF                              00000002
T0SE                              00000004
T1CKPS0                           00000004
T1CKPS1                           00000005
T1CON                             00000010
T1IE                              00000000
T1IF                              00000000
T1OSCEN                           00000003
TMR0                              00000001
TMR0IE                            00000005
TMR0IF                            00000002
TMR1                              0000000E
TMR1CS                            00000001
TMR1GE                            00000006
TMR1H                             0000000F
TMR1IE                            00000000
TMR1IF                            00000000
TMR1L                             0000000E
TMR1ON                            00000000
TRANSMISSAODADOS                  00000050
TRISIO                            00000085
TRISIO0                           00000000
TRISIO1                           00000001
TRISIO2                           00000002
TRISIO3                           00000003
TRISIO4                           00000004
TRISIO5                           00000005
VALORDIGITAL                      00000026
VCFG                              00000006
VR0                               00000000
MPASM 5.77                  MASTER_SLAVE.ASM   12-8-2021  0:06:46         PAGE  9


SYMBOL TABLE
  LABEL                             VALUE 

VR1                               00000001
VR2                               00000002
VR3                               00000003
VRCON                             00000099
VREN                              00000007
VRR                               00000005
W                                 00000000
WPU                               00000095
WPU0                              00000000
WPU1                              00000001
WPU2                              00000002
WPU4                              00000004
WPU5                              00000005
WR                                00000001
WREN                              00000002
WRERR                             00000003
W_TEMP                            00000020
Z                                 00000002
_BODEN_OFF                        00003FBF
_BODEN_ON                         00003FFF
_BOREN_OFF                        00003FBF
_BOREN_ON                         00003FFF
_CONFIG                           00002007
_CPD_OFF                          00003FFF
_CPD_ON                           00003EFF
_CP_OFF                           00003FFF
_CP_ON                            00003F7F
_DEVID1                           00002006
_EC_OSC                           00003FFB
_EXTRC_OSC_CLKOUT                 00003FFF
_EXTRC_OSC_NOCLKOUT               00003FFE
_FOSC_EC                          00003FFB
_FOSC_EXTRCCLK                    00003FFF
_FOSC_EXTRCIO                     00003FFE
_FOSC_HS                          00003FFA
_FOSC_INTRCCLK                    00003FFD
_FOSC_INTRCIO                     00003FFC
_FOSC_LP                          00003FF8
_FOSC_XT                          00003FF9
_HS_OSC                           00003FFA
_IDLOC0                           00002000
_IDLOC1                           00002001
_IDLOC2                           00002002
_IDLOC3                           00002003
_INTRC_OSC_CLKOUT                 00003FFD
_INTRC_OSC_NOCLKOUT               00003FFC
_LP_OSC                           00003FF8
_MCLRE_OFF                        00003FDF
_MCLRE_ON                         00003FFF
_PWRTE_OFF                        00003FFF
_PWRTE_ON                         00003FEF
_WDTE_OFF                         00003FF7
_WDTE_ON                          00003FFF
MPASM 5.77                  MASTER_SLAVE.ASM   12-8-2021  0:06:46         PAGE 10


SYMBOL TABLE
  LABEL                             VALUE 

_WDT_OFF                          00003FF7
_WDT_ON                           00003FFF
_XT_OSC                           00003FF9
__12F675                          00000001
__DEBUG                           
__MPLAB_DEBUGGER_SIMULATOR        1


MEMORY USAGE MAP ('X' = Used,  '-' = Unused)

0000 : X---XXXXXXXXXXXX XXXXXXXXXXXXXXXX XXXXXXXXXXXXXXXX XXXXXXXXXXXXXXXX
0040 : XXXXXXXXXXXXXXXX X--------------- ---------------- ----------------
2000 : -------X-------- ---------------- ---------------- ----------------

All other memory blocks unused.

Program Memory Words Used:    78
Program Memory Words Free:   946


Errors   :     0
Warnings :     0 reported,     0 suppressed
Messages :    10 reported,     0 suppressed

