MPASM 5.77                       PROVA_2.ASM   10-21-2021  17:58:47         PAGE  1


LOC  OBJECT CODE     LINE SOURCE TEXT
  VALUE

                      00001 ;* * * * * * * * * * * * * * * * * * * * * * * * * * * * * * * * * *
                      00002 ;*              MODIFICAÇÕES PARA USO COM 12F675                   *
                      00003 ;*                FEITAS PELO PROF. MARDSON                        *
                      00004 ;*                      MARÇO DE 2021                              *
                      00005 ;*                 BASEADO NO EXEMPLO DO LIVRO                     *
                      00006 ;*           Desbravando o PIC. David José de Souza                *
                      00007 ;*-----------------------------------------------------------------*
                      00008 ;*   MODELO PARA O PIC 12F675                                      *
                      00009 ;* * * * * * * * * * * * * * * * * * * * * * * * * * * * * * * * * *
                      00010 
                      00011 ;* * * * * * * * * * * * * * * * * * * * * * * * * * * * * * * * * *
                      00012 ;*                     ARQUIVOS DE DEFINIÇÕES                      *
                      00013 ;* * * * * * * * * * * * * * * * * * * * * * * * * * * * * * * * * *
                      00014 #INCLUDE <p12f675.inc>  ;ARQUIVO PADRÃO MICROCHIP PARA 12F675
                      00001         LIST
                      00002 
                      00003 ;==========================================================================
                      00004 ; Build date : Nov 22 2017
                      00005 ;  MPASM PIC12F675 processor include
                      00006 ; 
                      00007 ;  (c) Copyright 1999-2017 Microchip Technology, All rights reserved
                      00008 ;==========================================================================
                      00009 
                      00367         LIST
                      00015 
2007   3FA4           00016         __CONFIG _BODEN_OFF & _CP_OFF & _PWRTE_ON & _WDT_OFF & _MCLRE_ON & _INTRC_OSC_NOCLKOUT
                      00017 
                      00018 ;* * * * * * * * * * * * * * * * * * * * * * * * * * * * * * * * * *
                      00019 ;*                    PAGINAÇÃO DE MEMÓRIA                         *
                      00020 ;* * * * * * * * * * * * * * * * * * * * * * * * * * * * * * * * * *
                      00021 ;DEFINIÇÃO DE COMANDOS DE USUÁRIO PARA ALTERAÇÃO DA PÁGINA DE MEMÓRIA
                      00022 #DEFINE BANK0   BCF STATUS,RP0  ;SETA BANK 0 DE MEMÓRIA
                      00023 #DEFINE BANK1   BSF STATUS,RP0  ;SETA BANK 1 DE MAMÓRIA
                      00024 
                      00025 ;* * * * * * * * * * * * * * * * * * * * * * * * * * * * * * * * * *
                      00026 ;*                         VARIÁVEIS                               *
                      00027 ;* * * * * * * * * * * * * * * * * * * * * * * * * * * * * * * * * *
                      00028 ; DEFINIÇÃO DOS NOMES E ENDEREÇOS DE TODAS AS VARIÁVEIS UTILIZADAS 
                      00029 ; PELO SISTEMA
                      00030 
                      00031         CBLOCK  0x20    ;ENDEREÇO INICIAL DA MEMÓRIA DE
                      00032                                         ;USUÁRIO
  00000020            00033                 W_TEMP            ;REGISTRADORES TEMPORÁRIOS PARA USO
  00000021            00034                 STATUS_TEMP       ;JUNTO ÀS INTERRUPÇÕE
  00000022            00035                 INTERRUPTOR
  00000023            00036                 CONTADOR
                      00037         
                      00038                 ;COLOQUE AQUI SUAS NOVAS VARIÁVEIS
                      00039                 ;NÃO ESQUEÇA COMENTÁRIOS ESCLARECEDORES
                      00040 
                      00041         ENDC                    ;FIM DO BLOCO DE DEFINIÇÃO DE VARIÁVEIS
                      00042 
                      00043 ;* * * * * * * * * * * * * * * * * * * * * * * * * * * * * * * * * *
MPASM 5.77                       PROVA_2.ASM   10-21-2021  17:58:47         PAGE  2


LOC  OBJECT CODE     LINE SOURCE TEXT
  VALUE

                      00044 ;*                        FLAGS INTERNOS                           *
                      00045 ;* * * * * * * * * * * * * * * * * * * * * * * * * * * * * * * * * *
                      00046 ; DEFINIÇÃO DE TODOS OS FLAGS UTILIZADOS PELO SISTEMA
                      00047 
                      00048 ;* * * * * * * * * * * * * * * * * * * * * * * * * * * * * * * * * *
                      00049 ;*                         CONSTANTES                              *
                      00050 ;* * * * * * * * * * * * * * * * * * * * * * * * * * * * * * * * * *
                      00051 ; DEFINIÇÃO DE TODAS AS CONSTANTES UTILIZADAS PELO SISTEMA
                      00052 
                      00053 ;* * * * * * * * * * * * * * * * * * * * * * * * * * * * * * * * * *
                      00054 ;*                           ENTRADAS                              *
                      00055 ;* * * * * * * * * * * * * * * * * * * * * * * * * * * * * * * * * *
                      00056 ; DEFINIÇÃO DE TODOS OS PINOS QUE SERÃO UTILIZADOS COMO ENTRADA
                      00057 ; RECOMENDAMOS TAMBÉM COMENTAR O SIGNIFICADO DE SEUS ESTADOS (0 E 1)
                      00058 
                      00059 ;* * * * * * * * * * * * * * * * * * * * * * * * * * * * * * * * * *
                      00060 ;*                           SAÍDAS                                *
                      00061 ;* * * * * * * * * * * * * * * * * * * * * * * * * * * * * * * * * *
                      00062 ; DEFINIÇÃO DE TODOS OS PINOS QUE SERÃO UTILIZADOS COMO SAÍDA
                      00063 ; RECOMENDAMOS TAMBÉM COMENTAR O SIGNIFICADO DE SEUS ESTADOS (0 E 1)
                      00064 
                      00065 ;* * * * * * * * * * * * * * * * * * * * * * * * * * * * * * * * * *
                      00066 ;*                       VETOR DE RESET                            *
                      00067 ;* * * * * * * * * * * * * * * * * * * * * * * * * * * * * * * * * *
                      00068 
                      00069         ORG     0x00                    ;ENDEREÇO INICIAL DE PROCESSAMENTO
0000   2???           00070         GOTO    INICIO
                      00071         
                      00072         
                      00073 ;* * * * * * * * * * * * * * * * * * * * * * * * * * * * * * * * * *
                      00074 ;*                    INÍCIO DA INTERRUPÇÃO                        *
                      00075 ;* * * * * * * * * * * * * * * * * * * * * * * * * * * * * * * * * *
                      00076 ; ENDEREÇO DE DESVIO DAS INTERRUPÇÕES. A PRIMEIRA TAREFA É SALVAR OS
                      00077 ; VALORES DE "W" E "STATUS" PARA RECUPERAÇÃO FUTURA
                      00078 
                      00079         ORG     0x04                    ;ENDEREÇO INICIAL DA INTERRUPÇÃO
0004   00A0           00080         MOVWF   W_TEMP          ;COPIA W PARA W_TEMP
0005   0E03           00081         SWAPF   STATUS,W
0006   00A1           00082         MOVWF   STATUS_TEMP     ;COPIA STATUS PARA STATUS_TEMP
                      00083         
                      00084 
                      00085 ;* * * * * * * * * * * * * * * * * * * * * * * * * * * * * * * * * *
                      00086 ;*                    ROTINA DE INTERRUPÇÃO                        *
                      00087 ;* * * * * * * * * * * * * * * * * * * * * * * * * * * * * * * * * *
                      00088 ; AQUI SERÃO ESCRITAS AS ROTINAS DE RECONHECIMENTO E TRATAMENTO DAS
                      00089 ; INTERRUPÇÕES
                      00090         ; VERIFICANDO A POSIÇÃO DA INTERRUPÇAÕ
                      00091 
                      00092 
                      00093         
                      00094 
                      00095         
                      00096 
MPASM 5.77                       PROVA_2.ASM   10-21-2021  17:58:47         PAGE  3


LOC  OBJECT CODE     LINE SOURCE TEXT
  VALUE

                      00097 
                      00098 
                      00099         
                      00100         
                      00101 
                      00102 ;* * * * * * * * * * * * * * * * * * * * * * * * * * * * * * * * * *
                      00103 ;*                 ROTINA DE SAÍDA DA INTERRUPÇÃO                  *
                      00104 ;* * * * * * * * * * * * * * * * * * * * * * * * * * * * * * * * * *
                      00105 ; OS VALORES DE "W" E "STATUS" DEVEM SER RECUPERADOS ANTES DE 
                      00106 ; RETORNAR DA INTERRUPÇÃO
                      00107 
0007                  00108 SAI_INT
0007   0E21           00109         SWAPF   STATUS_TEMP,W
0008   0083           00110         MOVWF   STATUS          ;MOVE STATUS_TEMP PARA STATUS
0009   0EA0           00111         SWAPF   W_TEMP,F
000A   0E20           00112         SWAPF   W_TEMP,W        ;MOVE W_TEMP PARA W
000B   0009           00113         RETFIE
                      00114         
                      00115 
                      00116 ;* * * * * * * * * * * * * * * * * * * * * * * * * * * * * * * * * *
                      00117 ;*                       ROTINAS E SUBROTINAS                      *
                      00118 ;* * * * * * * * * * * * * * * * * * * * * * * * * * * * * * * * * *
                      00119 ; CADA ROTINA OU SUBROTINA DEVE POSSUIR A DESCRIÇÃO DE FUNCIONAMENTO
                      00120 ; E UM NOME COERENTE ÀS SUAS FUNÇÕES.
                      00121 
                      00122 
                      00123 
                      00124         ;CORPO DA ROTINA
                      00125 
                      00126 
                      00127  
                      00128 
                      00129 ;* * * * * * * * * * * * * * * * * * * * * * * * * * * * * * * * * *
                      00130 ;*                     INICIO DO PROGRAMA                          *
                      00131 ;* * * * * * * * * * * * * * * * * * * * * * * * * * * * * * * * * *
                      00132         
000C                  00133 INICIO
000C   1683           00134         BANK1                   ;ALTERA PARA O BANCO 1
000D   3007           00135         MOVLW   B'00000111'     ;CONFIGUREI O GP0 E GP2 COMO ENTRADA SENDO OS SENSORES E GP1 COMO ENTRAD
                            A Q RECEBRÁ O SINAL ANALÓGICO REFERENTE AO SENSOR DE TEMP, E OS MOTORES SAIDA, COM exceção gp3 q
Message[302]: Register in operand not in bank 0.  Ensure that bank bits are correct.
000E   0085           00136         MOVWF   TRISIO          ;COMO SAÍDAS
000F   3002           00137         MOVLW   B'00000010'     ;ANSEL CONFIGURADO COMO ENTRADA ANALÓGICA REFERENTE A GP1
Message[302]: Register in operand not in bank 0.  Ensure that bank bits are correct.
0010   009F           00138         MOVWF   ANSEL           ;DEFINE PORTAS COMO Digital I/O
0011   3007           00139         MOVLW   B'00000111'     ; AJUSTEI O PRE-ESCALE PARA 1:256
Message[302]: Register in operand not in bank 0.  Ensure that bank bits are correct.
0012   0081           00140         MOVWF   OPTION_REG      ;DEFINE OPÇÕES DE OPERAÇÃO
0013   3080           00141         MOVLW   B'10000000'     ;CHAVE GERAL LIGADA
0014   008B           00142         MOVWF   INTCON          ;DEFINE OPÇÕES DE INTERRUPÇÕES
0015   3000           00143         MOVLW   B'00000000'     ;N utilizarei interrupção 
Message[302]: Register in operand not in bank 0.  Ensure that bank bits are correct.
0016   0096           00144         MOVWF   IOC             ;DEFINE OPÇÕES DE INTERRUPÇÕES
MPASM 5.77                       PROVA_2.ASM   10-21-2021  17:58:47         PAGE  4


LOC  OBJECT CODE     LINE SOURCE TEXT
  VALUE

0017   308A           00145         MOVLW   B'10001010'     ;Ajustando a tensão de referência para o high, escala do valor 9 referen
                            te a config do tmax de 2,6V
Message[302]: Register in operand not in bank 0.  Ensure that bank bits are correct.
0018   0099           00146         MOVWF   VRCON
0019   1283           00147         BANK0                           ;RETORNA PARA O BANCO
001A   3000           00148         MOVLW   B'00000000'     ;NÃO UTILIZAREI CONVERSOR
001B   009F           00149         MOVWF   ADCON0 
001C   3004           00150         MOVLW   B'00000100'     ; Configurando o comparador como 100, pois é o modelo que se aplica a pr
                            ova
001D   0099           00151         MOVWF   CMCON           ;DEFINE O MODO DE OPERAÇÃO DO COMPARADOR ANALÓGICO
                      00152 
                      00153 ;* * * * * * * * * * * * * * * * * * * * * * * * * * * * * * * * * *
                      00154 ;*                     INICIALIZAÇÃO DAS VARIÁVEIS                 *
                      00155 ;* * * * * * * * * * * * * * * * * * * * * * * * * * * * * * * * * *
                      00156 
                      00157 ;* * * * * * * * * * * * * * * * * * * * * * * * * * * * * * * * * *
                      00158 ;*                     ROTINA PRINCIPAL                            *
                      00159 ;* * * * * * * * * * * * * * * * * * * * * * * * * * * * * * * * * *
001E                  00160 LABEL1
001E   1805           00161         BTFSC GPIO, GP0         ; SENSOR1 TÁ EM 0? SE SIM DESLIGA O MOTOR1, SE NAO LIGA O MOTOR1
001F   2???           00162         GOTO LIGAMOTOR1
0020   2???           00163         GOTO DESLIGAMOTOR1
                      00164 
0021                  00165 DESLIGAMOTOR1
0021   1205           00166         BCF GPIO, GP4          ;DESLIGA O MOTOR 1
0022   2???           00167         GOTO LABEL2
0023                  00168 LIGAMOTOR1
0023   1605           00169         BSF GPIO, GP4           ; LIGA MOTOR1
0024   2???           00170         GOTO LABEL2
0025                  00171 LABEL2
0025   1905           00172         BTFSC GPIO, GP2         ; SENSOR2 TÁ EM 0? SE SIM DESLIGA O MOTOR2, SE NAO LIGA O MOTOR2
0026   2???           00173         GOTO LIGAMOTOR2
0027   2???           00174         GOTO DESLIGAMOTOR2
0028                  00175 DESLIGAMOTOR2
0028   1285           00176         BCF GPIO, GP5          ;DESLIGA O MOTOR 2
0029   2???           00177         GOTO LABEL3
002A                  00178 LIGAMOTOR2
002A   1685           00179         BSF GPIO, GP5           ; LIGA MOTOR 2
002B   2???           00180         GOTO LABEL3
002C                  00181 LABEL3 
002C   1F19           00182         BTFSS CMCON, 6          ; VERIFICANDO SE A TEMPERATURA É MAIOR DO QUE A TEMPERATURA MÁXIMA
002D   2???           00183         GOTO DESLIGATUDO
002E   2???           00184         GOTO LABEL1
002F                  00185 DESLIGATUDO
002F   1205           00186         BCF GPIO, GP4           ; DESLIGA TODOS OS MOTORES
0030   1285           00187         BCF GPIO, GP5
0031   2???           00188         GOTO DELAY
0032                  00189 DELAY
0032   0181           00190         CLRF TMR0               ;ZERANDO O TMR0
0033   303D           00191         MOVLW .61               ; inicializando com o valor gerado da diferenã de 256 - 195 = 61 para pr
                            ovocar o estouro com 50us
0034   0081           00192         MOVWF TMR0              
0035                  00193 CONTA
MPASM 5.77                       PROVA_2.ASM   10-21-2021  17:58:47         PAGE  5


LOC  OBJECT CODE     LINE SOURCE TEXT
  VALUE

0035   1D0B           00194         BTFSS INTCON, T0IF      ; estourou? Sim! vai incrementar a variavel
0036   2???           00195         GOTO CONTA
Message[305]: Using default destination of 1 (file).
0037   0AA3           00196         INCF CONTADOR
0038   30C8           00197         MOVLW .200              ; VERIFICANDO SE CONTOU 200 VEZES 50Us TEREI OS 10 MILHÕES US Q EQUIVALE
                             A 10 SEGUNDOS
0039   0223           00198         SUBWF CONTADOR, W
003A   1803           00199         BTFSC STATUS, C         ; SE TIVER CONTADO 50K 2000 VEZES, TEREMOS 10M us e
003B   2???           00200         GOTO LABEL1
003C   110B           00201         BCF INTCON, T0IF
003D   0181           00202         CLRF TMR0               ;ZERANDO O TMR0
003E   303D           00203         MOVLW .61               ; inicializando com o valor gerado da diferenã de 256 - 195 = 61 para pr
                            ovocar o estou com 50us
003F   0081           00204         MOVWF TMR0
0040   2???           00205         GOTO CONTA
                      00206         
                      00207         
                      00208         
                      00209 
                      00210 
                      00211 
                      00212 
0041                  00213 FIM
                      00214         
                      00215 
                      00216 ;* * * * * * * * * * * * * * * * * * * * * * * * * * * * * * * * * *
                      00217 ;*                       FIM DO PROGRAMA                           *
                      00218 ;* * * * * * * * * * * * * * * * * * * * * * * * * * * * * * * * * *
                      00219 
3FA4                  00220         END
MPASM 5.77                       PROVA_2.ASM   10-21-2021  17:58:47         PAGE  6


SYMBOL TABLE
  LABEL                             VALUE 

ADCON0                            0000001F
ADCS0                             00000004
ADCS1                             00000005
ADCS2                             00000006
ADFM                              00000007
ADIE                              00000006
ADIF                              00000006
ADON                              00000000
ADRESH                            0000001E
ADRESL                            0000009E
ANS0                              00000000
ANS1                              00000001
ANS2                              00000002
ANS3                              00000003
ANSEL                             0000009F
BANK0                             BCF STATUS,RP0
BANK1                             BSF STATUS,RP0
C                                 00000000
CAL0                              00000002
CAL1                              00000003
CAL2                              00000004
CAL3                              00000005
CAL4                              00000006
CAL5                              00000007
CHS0                              00000002
CHS1                              00000003
CINV                              00000004
CIS                               00000003
CM0                               00000000
CM1                               00000001
CM2                               00000002
CMCON                             00000019
CMIE                              00000003
CMIF                              00000003
CONTA                             00000035
CONTADOR                          00000023
COUT                              00000006
DC                                00000001
DELAY                             00000032
DESLIGAMOTOR1                     00000021
DESLIGAMOTOR2                     00000028
DESLIGATUDO                       0000002F
EEADR                             0000009B
EECON1                            0000009C
EECON2                            0000009D
EEDAT                             0000009A
EEDATA                            0000009A
EEIE                              00000007
EEIF                              00000007
F                                 00000001
FIM                               00000041
FSR                               00000004
GIE                               00000007
MPASM 5.77                       PROVA_2.ASM   10-21-2021  17:58:47         PAGE  7


SYMBOL TABLE
  LABEL                             VALUE 

GO                                00000001
GO_DONE                           00000001
GO_NOT_DONE                       00000001
GP0                               00000000
GP1                               00000001
GP2                               00000002
GP3                               00000003
GP4                               00000004
GP5                               00000005
GPIE                              00000003
GPIF                              00000000
GPIO                              00000005
GPIO0                             00000000
GPIO1                             00000001
GPIO2                             00000002
GPIO3                             00000003
GPIO4                             00000004
GPIO5                             00000005
INDF                              00000000
INICIO                            0000000C
INTCON                            0000000B
INTE                              00000004
INTEDG                            00000006
INTERRUPTOR                       00000022
INTF                              00000001
IOC                               00000096
IOC0                              00000000
IOC1                              00000001
IOC2                              00000002
IOC3                              00000003
IOC4                              00000004
IOC5                              00000005
IOCB                              00000096
IOCB0                             00000000
IOCB1                             00000001
IOCB2                             00000002
IOCB3                             00000003
IOCB4                             00000004
IOCB5                             00000005
IRP                               00000007
LABEL1                            0000001E
LABEL2                            00000025
LABEL3                            0000002C
LIGAMOTOR1                        00000023
LIGAMOTOR2                        0000002A
NOT_BOD                           00000000
NOT_BOR                           00000000
NOT_DONE                          00000001
NOT_GPPU                          00000007
NOT_PD                            00000003
NOT_POR                           00000001
NOT_T1SYNC                        00000002
NOT_TO                            00000004
MPASM 5.77                       PROVA_2.ASM   10-21-2021  17:58:47         PAGE  8


SYMBOL TABLE
  LABEL                             VALUE 

OPTION_REG                        00000081
OSCCAL                            00000090
PCL                               00000002
PCLATH                            0000000A
PCON                              0000008E
PEIE                              00000006
PIE1                              0000008C
PIR1                              0000000C
PS0                               00000000
PS1                               00000001
PS2                               00000002
PSA                               00000003
RD                                00000000
RP0                               00000005
RP1                               00000006
SAI_INT                           00000007
STATUS                            00000003
STATUS_TEMP                       00000021
T0CS                              00000005
T0IE                              00000005
T0IF                              00000002
T0SE                              00000004
T1CKPS0                           00000004
T1CKPS1                           00000005
T1CON                             00000010
T1IE                              00000000
T1IF                              00000000
T1OSCEN                           00000003
TMR0                              00000001
TMR0IE                            00000005
TMR0IF                            00000002
TMR1                              0000000E
TMR1CS                            00000001
TMR1GE                            00000006
TMR1H                             0000000F
TMR1IE                            00000000
TMR1IF                            00000000
TMR1L                             0000000E
TMR1ON                            00000000
TRISIO                            00000085
TRISIO0                           00000000
TRISIO1                           00000001
TRISIO2                           00000002
TRISIO3                           00000003
TRISIO4                           00000004
TRISIO5                           00000005
VCFG                              00000006
VR0                               00000000
VR1                               00000001
VR2                               00000002
VR3                               00000003
VRCON                             00000099
VREN                              00000007
MPASM 5.77                       PROVA_2.ASM   10-21-2021  17:58:47         PAGE  9


SYMBOL TABLE
  LABEL                             VALUE 

VRR                               00000005
W                                 00000000
WPU                               00000095
WPU0                              00000000
WPU1                              00000001
WPU2                              00000002
WPU4                              00000004
WPU5                              00000005
WR                                00000001
WREN                              00000002
WRERR                             00000003
W_TEMP                            00000020
Z                                 00000002
_BODEN_OFF                        00003FBF
_BODEN_ON                         00003FFF
_BOREN_OFF                        00003FBF
_BOREN_ON                         00003FFF
_CONFIG                           00002007
_CPD_OFF                          00003FFF
_CPD_ON                           00003EFF
_CP_OFF                           00003FFF
_CP_ON                            00003F7F
_DEVID1                           00002006
_EC_OSC                           00003FFB
_EXTRC_OSC_CLKOUT                 00003FFF
_EXTRC_OSC_NOCLKOUT               00003FFE
_FOSC_EC                          00003FFB
_FOSC_EXTRCCLK                    00003FFF
_FOSC_EXTRCIO                     00003FFE
_FOSC_HS                          00003FFA
_FOSC_INTRCCLK                    00003FFD
_FOSC_INTRCIO                     00003FFC
_FOSC_LP                          00003FF8
_FOSC_XT                          00003FF9
_HS_OSC                           00003FFA
_IDLOC0                           00002000
_IDLOC1                           00002001
_IDLOC2                           00002002
_IDLOC3                           00002003
_INTRC_OSC_CLKOUT                 00003FFD
_INTRC_OSC_NOCLKOUT               00003FFC
_LP_OSC                           00003FF8
_MCLRE_OFF                        00003FDF
_MCLRE_ON                         00003FFF
_PWRTE_OFF                        00003FFF
_PWRTE_ON                         00003FEF
_WDTE_OFF                         00003FF7
_WDTE_ON                          00003FFF
_WDT_OFF                          00003FF7
_WDT_ON                           00003FFF
_XT_OSC                           00003FF9
__12F675                          00000001
__DEBUG                           
MPASM 5.77                       PROVA_2.ASM   10-21-2021  17:58:47         PAGE 10


SYMBOL TABLE
  LABEL                             VALUE 

__MPLAB_DEBUGGER_SIMULATOR        1

Errors   :     0
Warnings :     0 reported,     0 suppressed
Messages :     6 reported,     0 suppressed

